2016-08-17 12:45:10 [::1][-][f8j12q84ctp0f9cstlq26qsm52][error][yii\web\HttpException:404] exception 'yii\base\InvalidRouteException' with message 'Unable to resolve the request: site/about' in C:\xampp\htdocs\advanced\vendor\yiisoft\yii2\base\Controller.php:125
Stack trace:
#0 C:\xampp\htdocs\advanced\vendor\yiisoft\yii2\base\Module.php(454): yii\base\Controller->runAction('about', Array)
#1 C:\xampp\htdocs\advanced\vendor\yiisoft\yii2\web\Application.php(87): yii\base\Module->runAction('site/about', Array)
#2 C:\xampp\htdocs\advanced\vendor\yiisoft\yii2\base\Application.php(375): yii\web\Application->handleRequest(Object(yii\web\Request))
#3 C:\xampp\htdocs\advanced\backend\web\index.php(18): yii\base\Application->run()
#4 {main}

Next exception 'yii\web\NotFoundHttpException' with message 'Page not found.' in C:\xampp\htdocs\advanced\vendor\yiisoft\yii2\web\Application.php:99
Stack trace:
#0 C:\xampp\htdocs\advanced\vendor\yiisoft\yii2\base\Application.php(375): yii\web\Application->handleRequest(Object(yii\web\Request))
#1 C:\xampp\htdocs\advanced\backend\web\index.php(18): yii\base\Application->run()
#2 {main}
2016-08-17 12:45:09 [::1][-][f8j12q84ctp0f9cstlq26qsm52][info][application] $_GET = [
    'r' => 'site/about'
]

$_COOKIE = [
    'advanced-frontend' => '1q3hio5phm64enqg991gin8k37'
    '_csrf-frontend' => '7568e746fb781c035190cf5f81b8101c5a6dc991fac12932a3acd78190eb2b9aa:2:{i:0;s:14:\"_csrf-frontend\";i:1;s:32:\"80knFUf_5SfDwsW9D19O9oRRj_ERgqZA\";}'
]

$_SESSION = [
    '__flash' => []
]

$_SERVER = [
    'MIBDIRS' => 'C:/xampp/php/extras/mibs'
    'MYSQL_HOME' => '\\xampp\\mysql\\bin'
    'OPENSSL_CONF' => 'C:/xampp/apache/bin/openssl.cnf'
    'PHP_PEAR_SYSCONF_DIR' => '\\xampp\\php'
    'PHPRC' => '\\xampp\\php'
    'TMP' => '\\xampp\\tmp'
    'HTTP_HOST' => 'localhost'
    'HTTP_CONNECTION' => 'keep-alive'
    'HTTP_UPGRADE_INSECURE_REQUESTS' => '1'
    'HTTP_USER_AGENT' => 'Mozilla/5.0 (Windows NT 6.3; WOW64) AppleWebKit/537.36 (KHTML, like Gecko) Chrome/52.0.2743.116 Safari/537.36'
    'HTTP_ACCEPT' => 'text/html,application/xhtml+xml,application/xml;q=0.9,image/webp,*/*;q=0.8'
    'HTTP_ACCEPT_ENCODING' => 'gzip, deflate, sdch'
    'HTTP_ACCEPT_LANGUAGE' => 'en-US,en;q=0.8'
    'HTTP_COOKIE' => 'advanced-frontend=1q3hio5phm64enqg991gin8k37; _csrf-frontend=7568e746fb781c035190cf5f81b8101c5a6dc991fac12932a3acd78190eb2b9aa%3A2%3A%7Bi%3A0%3Bs%3A14%3A%22_csrf-frontend%22%3Bi%3A1%3Bs%3A32%3A%2280knFUf_5SfDwsW9D19O9oRRj_ERgqZA%22%3B%7D'
    'PATH' => 'C:\\Program Files (x86)\\NVIDIA Corporation\\PhysX\\Common;C:\\Program Files (x86)\\Intel\\iCLS Client\\;C:\\Program Files\\Intel\\iCLS Client\\;C:\\WINDOWS\\system32;C:\\WINDOWS;C:\\WINDOWS\\System32\\Wbem;C:\\WINDOWS\\System32\\WindowsPowerShell\\v1.0\\;C:\\Program Files\\Intel\\Intel(R) Management Engine Components\\DAL;C:\\Program Files\\Intel\\Intel(R) Management Engine Components\\IPT;C:\\Program Files (x86)\\Intel\\Intel(R) Management Engine Components\\DAL;C:\\Program Files (x86)\\Intel\\Intel(R) Management Engine Components\\IPT;C:\\Program Files (x86)\\Windows Live\\Shared;C:\\Program Files (x86)\\Windows Kits\\8.1\\Windows Performance Toolkit\\;C:\\Program Files\\Microsoft SQL Server\\110\\Tools\\Binn\\;C:\\Program Files\\Intel\\WiFi\\bin\\;C:\\Program Files\\Common Files\\Intel\\WirelessCommon\\;C:\\Program Files\\Git\\cmd;C:\\Program Files\\TortoiseGit\\bin;C:\\xampp\\php'
    'SystemRoot' => 'C:\\WINDOWS'
    'COMSPEC' => 'C:\\WINDOWS\\system32\\cmd.exe'
    'PATHEXT' => '.COM;.EXE;.BAT;.CMD;.VBS;.VBE;.JS;.JSE;.WSF;.WSH;.MSC'
    'WINDIR' => 'C:\\WINDOWS'
    'SERVER_SIGNATURE' => '<address>Apache/2.4.17 (Win32) OpenSSL/1.0.2d PHP/5.6.14 Server at localhost Port 80</address>
'
    'SERVER_SOFTWARE' => 'Apache/2.4.17 (Win32) OpenSSL/1.0.2d PHP/5.6.14'
    'SERVER_NAME' => 'localhost'
    'SERVER_ADDR' => '::1'
    'SERVER_PORT' => '80'
    'REMOTE_ADDR' => '::1'
    'DOCUMENT_ROOT' => 'C:/xampp/htdocs'
    'REQUEST_SCHEME' => 'http'
    'CONTEXT_PREFIX' => ''
    'CONTEXT_DOCUMENT_ROOT' => 'C:/xampp/htdocs'
    'SERVER_ADMIN' => 'postmaster@localhost'
    'SCRIPT_FILENAME' => 'C:/xampp/htdocs/advanced/backend/web/index.php'
    'REMOTE_PORT' => '53477'
    'GATEWAY_INTERFACE' => 'CGI/1.1'
    'SERVER_PROTOCOL' => 'HTTP/1.1'
    'REQUEST_METHOD' => 'GET'
    'QUERY_STRING' => 'r=site%2Fabout'
    'REQUEST_URI' => '/advanced/backend/web/index.php?r=site%2Fabout'
    'SCRIPT_NAME' => '/advanced/backend/web/index.php'
    'PHP_SELF' => '/advanced/backend/web/index.php'
    'REQUEST_TIME_FLOAT' => 1471430709.653
    'REQUEST_TIME' => 1471430709
]
2016-10-30 18:28:33 [::1][-][f81krjfji6968aaor23ui7k6f2][error][yii\web\HttpException:404] yii\base\InvalidRouteException: Unable to resolve the request "review-class". in C:\xampp\htdocs\advanced\vendor\yiisoft\yii2\base\Module.php:460
Stack trace:
#0 C:\xampp\htdocs\advanced\vendor\yiisoft\yii2\web\Application.php(87): yii\base\Module->runAction('review-class', Array)
#1 C:\xampp\htdocs\advanced\vendor\yiisoft\yii2\base\Application.php(375): yii\web\Application->handleRequest(Object(yii\web\Request))
#2 C:\xampp\htdocs\advanced\backend\web\index.php(18): yii\base\Application->run()
#3 {main}

Next yii\web\NotFoundHttpException: Page not found. in C:\xampp\htdocs\advanced\vendor\yiisoft\yii2\web\Application.php:99
Stack trace:
#0 C:\xampp\htdocs\advanced\vendor\yiisoft\yii2\base\Application.php(375): yii\web\Application->handleRequest(Object(yii\web\Request))
#1 C:\xampp\htdocs\advanced\backend\web\index.php(18): yii\base\Application->run()
#2 {main}
2016-10-30 18:28:31 [::1][-][f81krjfji6968aaor23ui7k6f2][info][application] $_GET = [
    'r' => 'review-class'
]

$_COOKIE = [
    '_csrf-frontend' => 'c3f9842f844d685e7787cd8d42551626f5f51278db78099ce3e73410d5c44c4ca:2:{i:0;s:14:\"_csrf-frontend\";i:1;s:32:\"Qeo45yp_-m4IdhgQOfulZXyjqzUEC6OR\";}'
    '_csrf-backend' => 'ca180e9bc4777fd85248baff7ef9456af55aa12a39123b1b8f3ce12e22dfe9c1a:2:{i:0;s:13:\"_csrf-backend\";i:1;s:32:\"8EU6A1FHQUizNutnTDp4avw6ZQy9RMtF\";}'
    'advanced-backend' => 'f81krjfji6968aaor23ui7k6f2'
    'advanced-frontend' => 'jk1b5j73sbfrfdn64h5a4hhi63'
    '_identity-frontend' => '3b35d47f671858f46e8e43d4fc3d0a96059b6e19f8fbb5d22b93892b6f1729f7a:2:{i:0;s:18:\"_identity-frontend\";i:1;s:46:\"[3,\"Ixe4rdrTBNUgsGHsr1GOTjBbMudaONVo\",2592000]\";}'
]

$_SESSION = [
    '__flash' => []
    '__returnUrl' => '/advancedlsc2/backend/web/index.php?r=site%2Findex'
]

$_SERVER = [
    'MIBDIRS' => 'C:/xampp/php/extras/mibs'
    'MYSQL_HOME' => '\\xampp\\mysql\\bin'
    'OPENSSL_CONF' => 'C:/xampp/apache/bin/openssl.cnf'
    'PHP_PEAR_SYSCONF_DIR' => '\\xampp\\php'
    'PHPRC' => '\\xampp\\php'
    'TMP' => '\\xampp\\tmp'
    'HTTP_HOST' => 'localhost'
    'HTTP_CONNECTION' => 'keep-alive'
    'HTTP_UPGRADE_INSECURE_REQUESTS' => '1'
    'HTTP_USER_AGENT' => 'Mozilla/5.0 (Windows NT 10.0; WOW64) AppleWebKit/537.36 (KHTML, like Gecko) Chrome/54.0.2840.71 Safari/537.36'
    'HTTP_ACCEPT' => 'text/html,application/xhtml+xml,application/xml;q=0.9,image/webp,*/*;q=0.8'
    'HTTP_ACCEPT_ENCODING' => 'gzip, deflate, sdch, br'
    'HTTP_ACCEPT_LANGUAGE' => 'en-US,en;q=0.8'
    'HTTP_COOKIE' => '_csrf-frontend=c3f9842f844d685e7787cd8d42551626f5f51278db78099ce3e73410d5c44c4ca%3A2%3A%7Bi%3A0%3Bs%3A14%3A%22_csrf-frontend%22%3Bi%3A1%3Bs%3A32%3A%22Qeo45yp_-m4IdhgQOfulZXyjqzUEC6OR%22%3B%7D; _csrf-backend=ca180e9bc4777fd85248baff7ef9456af55aa12a39123b1b8f3ce12e22dfe9c1a%3A2%3A%7Bi%3A0%3Bs%3A13%3A%22_csrf-backend%22%3Bi%3A1%3Bs%3A32%3A%228EU6A1FHQUizNutnTDp4avw6ZQy9RMtF%22%3B%7D; advanced-backend=f81krjfji6968aaor23ui7k6f2; advanced-frontend=jk1b5j73sbfrfdn64h5a4hhi63; _identity-frontend=3b35d47f671858f46e8e43d4fc3d0a96059b6e19f8fbb5d22b93892b6f1729f7a%3A2%3A%7Bi%3A0%3Bs%3A18%3A%22_identity-frontend%22%3Bi%3A1%3Bs%3A46%3A%22%5B3%2C%22Ixe4rdrTBNUgsGHsr1GOTjBbMudaONVo%22%2C2592000%5D%22%3B%7D'
    'PATH' => 'C:\\ProgramData\\Oracle\\Java\\javapath;C:\\Program Files (x86)\\NVIDIA Corporation\\PhysX\\Common;C:\\Program Files (x86)\\Intel\\iCLS Client\\;C:\\Program Files\\Intel\\iCLS Client\\;C:\\Windows\\system32;C:\\Windows;C:\\Windows\\System32\\Wbem;C:\\Windows\\System32\\WindowsPowerShell\\v1.0\\;C:\\Program Files\\Intel\\Intel(R) Management Engine Components\\DAL;C:\\Program Files\\Intel\\Intel(R) Management Engine Components\\IPT;C:\\Program Files (x86)\\Intel\\Intel(R) Management Engine Components\\DAL;C:\\Program Files (x86)\\Intel\\Intel(R) Management Engine Components\\IPT;C:\\Program Files\\Acer\\Remote Files\\;C:\\Program Files (x86)\\Skype\\Phone\\;C:\\Program Files (x86)\\Windows Kits\\8.1\\Windows Performance Toolkit\\;C:\\Program Files\\Microsoft SQL Server\\110\\Tools\\Binn\\;C:\\WINDOWS\\system32;C:\\WINDOWS;C:\\WINDOWS\\System32\\Wbem;C:\\WINDOWS\\System32\\WindowsPowerShell\\v1.0\\;C:\\Program Files\\TortoiseSVN\\bin;C:\\Program Files\\Git\\cmd;C:\\Program Files\\TortoiseGit\\bin;C:\\Program Files (x86)\\GtkSharp\\2.12\\bin;C:\\xampp\\htdocs\\advanced;C:\\xampp\\php;C:\\ProgramData\\ComposerSetup\\bin;C:\\Program Files\\CloudFoundry;C:\\Users\\Aira Joyce\\AppData\\Roaming\\Composer\\vendor\\bin'
    'SystemRoot' => 'C:\\WINDOWS'
    'COMSPEC' => 'C:\\WINDOWS\\system32\\cmd.exe'
    'PATHEXT' => '.COM;.EXE;.BAT;.CMD;.VBS;.VBE;.JS;.JSE;.WSF;.WSH;.MSC'
    'WINDIR' => 'C:\\WINDOWS'
    'SERVER_SIGNATURE' => '<address>Apache/2.4.18 (Win32) OpenSSL/1.0.2e PHP/7.0.8 Server at localhost Port 80</address>
'
    'SERVER_SOFTWARE' => 'Apache/2.4.18 (Win32) OpenSSL/1.0.2e PHP/7.0.8'
    'SERVER_NAME' => 'localhost'
    'SERVER_ADDR' => '::1'
    'SERVER_PORT' => '80'
    'REMOTE_ADDR' => '::1'
    'DOCUMENT_ROOT' => 'C:/xampp/htdocs'
    'REQUEST_SCHEME' => 'http'
    'CONTEXT_PREFIX' => ''
    'CONTEXT_DOCUMENT_ROOT' => 'C:/xampp/htdocs'
    'SERVER_ADMIN' => 'postmaster@localhost'
    'SCRIPT_FILENAME' => 'C:/xampp/htdocs/advanced/backend/web/index.php'
    'REMOTE_PORT' => '63758'
    'GATEWAY_INTERFACE' => 'CGI/1.1'
    'SERVER_PROTOCOL' => 'HTTP/1.1'
    'REQUEST_METHOD' => 'GET'
    'QUERY_STRING' => 'r=review-class'
    'REQUEST_URI' => '/advanced/backend/web/index.php?r=review-class'
    'SCRIPT_NAME' => '/advanced/backend/web/index.php'
    'PHP_SELF' => '/advanced/backend/web/index.php'
    'REQUEST_TIME_FLOAT' => 1477848510.625
    'REQUEST_TIME' => 1477848510
]
2017-03-02 12:59:19 [::1][-][-][error][yii\web\HttpException:404] exception 'yii\base\InvalidRouteException' with message 'Unable to resolve the request: site/panel' in C:\XAMPP\htdocs\NDRRMCMS\monitoring\vendor\yiisoft\yii2\base\Controller.php:125
Stack trace:
#0 C:\XAMPP\htdocs\NDRRMCMS\monitoring\vendor\yiisoft\yii2\base\Module.php(454): yii\base\Controller->runAction('panel', Array)
#1 C:\XAMPP\htdocs\NDRRMCMS\monitoring\vendor\yiisoft\yii2\web\Application.php(87): yii\base\Module->runAction('site/panel', Array)
#2 C:\XAMPP\htdocs\NDRRMCMS\monitoring\vendor\yiisoft\yii2\base\Application.php(375): yii\web\Application->handleRequest(Object(yii\web\Request))
#3 C:\XAMPP\htdocs\NDRRMCMS\monitoring\backend\web\index.php(18): yii\base\Application->run()
#4 {main}

Next exception 'yii\web\NotFoundHttpException' with message 'Page not found.' in C:\XAMPP\htdocs\NDRRMCMS\monitoring\vendor\yiisoft\yii2\web\Application.php:99
Stack trace:
#0 C:\XAMPP\htdocs\NDRRMCMS\monitoring\vendor\yiisoft\yii2\base\Application.php(375): yii\web\Application->handleRequest(Object(yii\web\Request))
#1 C:\XAMPP\htdocs\NDRRMCMS\monitoring\backend\web\index.php(18): yii\base\Application->run()
#2 {main}
2017-03-02 12:59:19 [::1][-][-][info][application] $_GET = [
    'r' => 'site/panel'
]

$_COOKIE = [
    'advanced-backend' => 'vq45c7nhgg5s0s57l8fm03on91'
    '_backendCSRF' => '022ea6d4807f2c3bce4103495921ec0499f19e5c41a168e03a1cfe657dda9e9fa:2:{i:0;s:12:\"_backendCSRF\";i:1;s:32:\"tkYGL2Kku4tVhynLlpcT-7hvudgoYngP\";}'
    'PHPBACKSESSID' => 'rn586r39q3vi5ssfl9sgvr9ic0'
    'JSESSIONID' => '17B8D02A43DBB556F26333534058AEA0'
    'PHPSESSID' => 'micvm9adjoje3nh2spflp6bve4'
    '_identity' => 'ef05d13f9ea571e1e1cb01f18c5b0f0f6487fd19942ac9e6bb8b7978acb5be87a:2:{i:0;s:9:\"_identity\";i:1;s:46:\"[4,\"fzcvpLnh9LunUdTR8xLhxkJT8RjtAqEC\",2592000]\";}'
    '_csrf' => '1b1f6e6e4b45feb9d8e6ee3a19215a120dfafbb0c64758213fbc5b8abed11bd4a:2:{i:0;s:5:\"_csrf\";i:1;s:32:\"ab72rQZy0vslTlqI02Pt49UWy4p83Scu\";}'
    'PHPFRONTSESSID' => 'f1qj1tme6aggp57hi968r9qg14'
    '_csrf-frontend' => '18ab6fd2d40f7a4e4c690c512e6abf2c0e6ccc3b06c1787d8ba79e4f085d7351a:2:{i:0;s:14:\"_csrf-frontend\";i:1;s:32:\"h-ChSaout5gXHOizcSRFHzSmiSF02jOd\";}'
    'advanced-frontend' => '2roig894eg0rar0sftvjdlj982'
    '_frontendCSRF' => '1795f270b662b7010938bd9be4a7e0aa5f2cb79fc7230f9aac84bf9712a529c0a:2:{i:0;s:13:\"_frontendCSRF\";i:1;s:32:\"vGok9SVBtTyWuiX2YaoCT3pU5Rj2uaBv\";}'
    '_csrf-backend' => '20d9dba6df57a1f01f0c2ca28d58aa8c82fab9a65e74548a5c67de2351032bb5a:2:{i:0;s:13:\"_csrf-backend\";i:1;s:32:\"bKfV9sEY--wcU-cXOWID4qD1pvvMMgvp\";}'
    'menuIsCollapsed' => 'false'
]

$_SERVER = [
    'MIBDIRS' => 'C:/XAMPP/php/extras/mibs'
    'MYSQL_HOME' => '\\xampp\\mysql\\bin'
    'OPENSSL_CONF' => 'C:/XAMPP/apache/bin/openssl.cnf'
    'PHP_PEAR_SYSCONF_DIR' => '\\xampp\\php'
    'PHPRC' => '\\xampp\\php'
    'TMP' => '\\xampp\\tmp'
    'HTTP_HOST' => 'localhost'
    'HTTP_CONNECTION' => 'keep-alive'
    'HTTP_UPGRADE_INSECURE_REQUESTS' => '1'
    'HTTP_USER_AGENT' => 'Mozilla/5.0 (Windows NT 10.0; WOW64) AppleWebKit/537.36 (KHTML, like Gecko) Chrome/53.0.0.11780 Safari/537.36'
    'HTTP_ACCEPT' => 'text/html,application/xhtml+xml,application/xml;q=0.9,image/webp,*/*;q=0.8'
    'HTTP_REFERER' => 'http://localhost/NDRRMCMS/monitoring/backend/web/index.php?r=site%2Flogin'
    'HTTP_ACCEPT_ENCODING' => 'gzip, deflate, sdch'
    'HTTP_ACCEPT_LANGUAGE' => 'en-US,en;q=0.8'
    'HTTP_COOKIE' => 'advanced-backend=vq45c7nhgg5s0s57l8fm03on91; _backendCSRF=022ea6d4807f2c3bce4103495921ec0499f19e5c41a168e03a1cfe657dda9e9fa%3A2%3A%7Bi%3A0%3Bs%3A12%3A%22_backendCSRF%22%3Bi%3A1%3Bs%3A32%3A%22tkYGL2Kku4tVhynLlpcT-7hvudgoYngP%22%3B%7D; PHPBACKSESSID=rn586r39q3vi5ssfl9sgvr9ic0; JSESSIONID=17B8D02A43DBB556F26333534058AEA0; PHPSESSID=micvm9adjoje3nh2spflp6bve4; _identity=ef05d13f9ea571e1e1cb01f18c5b0f0f6487fd19942ac9e6bb8b7978acb5be87a%3A2%3A%7Bi%3A0%3Bs%3A9%3A%22_identity%22%3Bi%3A1%3Bs%3A46%3A%22%5B4%2C%22fzcvpLnh9LunUdTR8xLhxkJT8RjtAqEC%22%2C2592000%5D%22%3B%7D; _csrf=1b1f6e6e4b45feb9d8e6ee3a19215a120dfafbb0c64758213fbc5b8abed11bd4a%3A2%3A%7Bi%3A0%3Bs%3A5%3A%22_csrf%22%3Bi%3A1%3Bs%3A32%3A%22ab72rQZy0vslTlqI02Pt49UWy4p83Scu%22%3B%7D; PHPFRONTSESSID=f1qj1tme6aggp57hi968r9qg14; _csrf-frontend=18ab6fd2d40f7a4e4c690c512e6abf2c0e6ccc3b06c1787d8ba79e4f085d7351a%3A2%3A%7Bi%3A0%3Bs%3A14%3A%22_csrf-frontend%22%3Bi%3A1%3Bs%3A32%3A%22h-ChSaout5gXHOizcSRFHzSmiSF02jOd%22%3B%7D; advanced-frontend=2roig894eg0rar0sftvjdlj982; _frontendCSRF=1795f270b662b7010938bd9be4a7e0aa5f2cb79fc7230f9aac84bf9712a529c0a%3A2%3A%7Bi%3A0%3Bs%3A13%3A%22_frontendCSRF%22%3Bi%3A1%3Bs%3A32%3A%22vGok9SVBtTyWuiX2YaoCT3pU5Rj2uaBv%22%3B%7D; _csrf-backend=20d9dba6df57a1f01f0c2ca28d58aa8c82fab9a65e74548a5c67de2351032bb5a%3A2%3A%7Bi%3A0%3Bs%3A13%3A%22_csrf-backend%22%3Bi%3A1%3Bs%3A32%3A%22bKfV9sEY--wcU-cXOWID4qD1pvvMMgvp%22%3B%7D; menuIsCollapsed=false'
    'PATH' => 'C:\\ProgramData\\Oracle\\Java\\javapath;C:\\Program Files (x86)\\Intel\\TXE Components\\TCS\\;C:\\Program Files\\Intel\\TXE Components\\TCS\\;C:\\WINDOWS\\system32;C:\\WINDOWS;C:\\WINDOWS\\System32\\Wbem;C:\\WINDOWS\\System32\\WindowsPowerShell\\v1.0\\;C:\\Program Files\\Hewlett-Packard\\SimplePass\\;C:\\Program Files\\Java\\jdk1.8.0_20\\bin;C:\\Program Files (x86)\\Windows Kits\\8.1\\Windows Performance Toolkit\\;C:\\Program Files\\Microsoft SQL Server\\110\\Tools\\Binn\\;C:\\Program Files\\Microsoft SQL Server\\120\\Tools\\Binn\\;C:\\Program Files (x86)\\Windows Live\\Shared;C:\\WINDOWS\\system32\\config\\systemprofile\\.dnx\\bin;C:\\Program Files\\Microsoft DNX\\Dnvm\\;C:\\Program Files (x86)\\Skype\\Phone\\;c:\\Program Files (x86)\\Microsoft SQL Server\\100\\Tools\\Binn\\;c:\\Program Files\\Microsoft SQL Server\\100\\Tools\\Binn\\;c:\\Program Files\\Microsoft SQL Server\\100\\DTS\\Binn\\;C:\\Program Files\\Git\\cmd;C:\\xampp\\php;C:\\XAMPP\\htdocs\\advanced;C:\\ProgramData\\ComposerSetup\\bin;C:\\Program Files\\TortoiseGit\\bin;C:\\Users\\HP Pavilion 11\\AppData\\Roaming\\Cloud Foundry;C:\\Program Files\\DataStax-DDC\\python;C:\\Users\\HP Pavilion 11\\AppData\\Local\\Microsoft\\WindowsApps;C:\\Users\\HP Pavilion 11\\AppData\\Roaming\\Composer\\vendor\\bin'
    'SystemRoot' => 'C:\\WINDOWS'
    'COMSPEC' => 'C:\\WINDOWS\\system32\\cmd.exe'
    'PATHEXT' => '.COM;.EXE;.BAT;.CMD;.VBS;.VBE;.JS;.JSE;.WSF;.WSH;.MSC'
    'WINDIR' => 'C:\\WINDOWS'
    'SERVER_SIGNATURE' => '<address>Apache/2.4.17 (Win32) OpenSSL/1.0.2d PHP/5.6.14 Server at localhost Port 80</address>
'
    'SERVER_SOFTWARE' => 'Apache/2.4.17 (Win32) OpenSSL/1.0.2d PHP/5.6.14'
    'SERVER_NAME' => 'localhost'
    'SERVER_ADDR' => '::1'
    'SERVER_PORT' => '80'
    'REMOTE_ADDR' => '::1'
    'DOCUMENT_ROOT' => 'C:/XAMPP/htdocs'
    'REQUEST_SCHEME' => 'http'
    'CONTEXT_PREFIX' => ''
    'CONTEXT_DOCUMENT_ROOT' => 'C:/XAMPP/htdocs'
    'SERVER_ADMIN' => 'postmaster@localhost'
    'SCRIPT_FILENAME' => 'C:/XAMPP/htdocs/NDRRMCMS/monitoring/backend/web/index.php'
    'REMOTE_PORT' => '62939'
    'GATEWAY_INTERFACE' => 'CGI/1.1'
    'SERVER_PROTOCOL' => 'HTTP/1.1'
    'REQUEST_METHOD' => 'GET'
    'QUERY_STRING' => 'r=site%2Fpanel'
    'REQUEST_URI' => '/NDRRMCMS/monitoring/backend/web/index.php?r=site%2Fpanel'
    'SCRIPT_NAME' => '/NDRRMCMS/monitoring/backend/web/index.php'
    'PHP_SELF' => '/NDRRMCMS/monitoring/backend/web/index.php'
    'REQUEST_TIME_FLOAT' => 1488455959.647
    'REQUEST_TIME' => 1488455959
]
2017-03-02 12:59:37 [::1][-][-][error][yii\web\HttpException:404] exception 'yii\base\InvalidRouteException' with message 'Unable to resolve the request: site/menu' in C:\XAMPP\htdocs\NDRRMCMS\monitoring\vendor\yiisoft\yii2\base\Controller.php:125
Stack trace:
#0 C:\XAMPP\htdocs\NDRRMCMS\monitoring\vendor\yiisoft\yii2\base\Module.php(454): yii\base\Controller->runAction('menu', Array)
#1 C:\XAMPP\htdocs\NDRRMCMS\monitoring\vendor\yiisoft\yii2\web\Application.php(87): yii\base\Module->runAction('site/menu', Array)
#2 C:\XAMPP\htdocs\NDRRMCMS\monitoring\vendor\yiisoft\yii2\base\Application.php(375): yii\web\Application->handleRequest(Object(yii\web\Request))
#3 C:\XAMPP\htdocs\NDRRMCMS\monitoring\backend\web\index.php(18): yii\base\Application->run()
#4 {main}

Next exception 'yii\web\NotFoundHttpException' with message 'Page not found.' in C:\XAMPP\htdocs\NDRRMCMS\monitoring\vendor\yiisoft\yii2\web\Application.php:99
Stack trace:
#0 C:\XAMPP\htdocs\NDRRMCMS\monitoring\vendor\yiisoft\yii2\base\Application.php(375): yii\web\Application->handleRequest(Object(yii\web\Request))
#1 C:\XAMPP\htdocs\NDRRMCMS\monitoring\backend\web\index.php(18): yii\base\Application->run()
#2 {main}
2017-03-02 12:59:37 [::1][-][-][info][application] $_GET = [
    'r' => 'site/menu'
]

$_COOKIE = [
    'advanced-backend' => 'vq45c7nhgg5s0s57l8fm03on91'
    '_backendCSRF' => '022ea6d4807f2c3bce4103495921ec0499f19e5c41a168e03a1cfe657dda9e9fa:2:{i:0;s:12:\"_backendCSRF\";i:1;s:32:\"tkYGL2Kku4tVhynLlpcT-7hvudgoYngP\";}'
    'PHPBACKSESSID' => 'rn586r39q3vi5ssfl9sgvr9ic0'
    'JSESSIONID' => '17B8D02A43DBB556F26333534058AEA0'
    'PHPSESSID' => 'micvm9adjoje3nh2spflp6bve4'
    '_identity' => 'ef05d13f9ea571e1e1cb01f18c5b0f0f6487fd19942ac9e6bb8b7978acb5be87a:2:{i:0;s:9:\"_identity\";i:1;s:46:\"[4,\"fzcvpLnh9LunUdTR8xLhxkJT8RjtAqEC\",2592000]\";}'
    '_csrf' => '1b1f6e6e4b45feb9d8e6ee3a19215a120dfafbb0c64758213fbc5b8abed11bd4a:2:{i:0;s:5:\"_csrf\";i:1;s:32:\"ab72rQZy0vslTlqI02Pt49UWy4p83Scu\";}'
    'PHPFRONTSESSID' => 'f1qj1tme6aggp57hi968r9qg14'
    '_csrf-frontend' => '18ab6fd2d40f7a4e4c690c512e6abf2c0e6ccc3b06c1787d8ba79e4f085d7351a:2:{i:0;s:14:\"_csrf-frontend\";i:1;s:32:\"h-ChSaout5gXHOizcSRFHzSmiSF02jOd\";}'
    'advanced-frontend' => '2roig894eg0rar0sftvjdlj982'
    '_frontendCSRF' => '1795f270b662b7010938bd9be4a7e0aa5f2cb79fc7230f9aac84bf9712a529c0a:2:{i:0;s:13:\"_frontendCSRF\";i:1;s:32:\"vGok9SVBtTyWuiX2YaoCT3pU5Rj2uaBv\";}'
    '_csrf-backend' => '20d9dba6df57a1f01f0c2ca28d58aa8c82fab9a65e74548a5c67de2351032bb5a:2:{i:0;s:13:\"_csrf-backend\";i:1;s:32:\"bKfV9sEY--wcU-cXOWID4qD1pvvMMgvp\";}'
    'menuIsCollapsed' => 'false'
]

$_SERVER = [
    'MIBDIRS' => 'C:/XAMPP/php/extras/mibs'
    'MYSQL_HOME' => '\\xampp\\mysql\\bin'
    'OPENSSL_CONF' => 'C:/XAMPP/apache/bin/openssl.cnf'
    'PHP_PEAR_SYSCONF_DIR' => '\\xampp\\php'
    'PHPRC' => '\\xampp\\php'
    'TMP' => '\\xampp\\tmp'
    'HTTP_HOST' => 'localhost'
    'HTTP_CONNECTION' => 'keep-alive'
    'HTTP_UPGRADE_INSECURE_REQUESTS' => '1'
    'HTTP_USER_AGENT' => 'Mozilla/5.0 (Windows NT 10.0; WOW64) AppleWebKit/537.36 (KHTML, like Gecko) Chrome/53.0.0.11780 Safari/537.36'
    'HTTP_ACCEPT' => 'text/html,application/xhtml+xml,application/xml;q=0.9,image/webp,*/*;q=0.8'
    'HTTP_REFERER' => 'http://localhost/NDRRMCMS/monitoring/backend/web/index.php?r=site%2Fpanel'
    'HTTP_ACCEPT_ENCODING' => 'gzip, deflate, sdch'
    'HTTP_ACCEPT_LANGUAGE' => 'en-US,en;q=0.8'
    'HTTP_COOKIE' => 'advanced-backend=vq45c7nhgg5s0s57l8fm03on91; _backendCSRF=022ea6d4807f2c3bce4103495921ec0499f19e5c41a168e03a1cfe657dda9e9fa%3A2%3A%7Bi%3A0%3Bs%3A12%3A%22_backendCSRF%22%3Bi%3A1%3Bs%3A32%3A%22tkYGL2Kku4tVhynLlpcT-7hvudgoYngP%22%3B%7D; PHPBACKSESSID=rn586r39q3vi5ssfl9sgvr9ic0; JSESSIONID=17B8D02A43DBB556F26333534058AEA0; PHPSESSID=micvm9adjoje3nh2spflp6bve4; _identity=ef05d13f9ea571e1e1cb01f18c5b0f0f6487fd19942ac9e6bb8b7978acb5be87a%3A2%3A%7Bi%3A0%3Bs%3A9%3A%22_identity%22%3Bi%3A1%3Bs%3A46%3A%22%5B4%2C%22fzcvpLnh9LunUdTR8xLhxkJT8RjtAqEC%22%2C2592000%5D%22%3B%7D; _csrf=1b1f6e6e4b45feb9d8e6ee3a19215a120dfafbb0c64758213fbc5b8abed11bd4a%3A2%3A%7Bi%3A0%3Bs%3A5%3A%22_csrf%22%3Bi%3A1%3Bs%3A32%3A%22ab72rQZy0vslTlqI02Pt49UWy4p83Scu%22%3B%7D; PHPFRONTSESSID=f1qj1tme6aggp57hi968r9qg14; _csrf-frontend=18ab6fd2d40f7a4e4c690c512e6abf2c0e6ccc3b06c1787d8ba79e4f085d7351a%3A2%3A%7Bi%3A0%3Bs%3A14%3A%22_csrf-frontend%22%3Bi%3A1%3Bs%3A32%3A%22h-ChSaout5gXHOizcSRFHzSmiSF02jOd%22%3B%7D; advanced-frontend=2roig894eg0rar0sftvjdlj982; _frontendCSRF=1795f270b662b7010938bd9be4a7e0aa5f2cb79fc7230f9aac84bf9712a529c0a%3A2%3A%7Bi%3A0%3Bs%3A13%3A%22_frontendCSRF%22%3Bi%3A1%3Bs%3A32%3A%22vGok9SVBtTyWuiX2YaoCT3pU5Rj2uaBv%22%3B%7D; _csrf-backend=20d9dba6df57a1f01f0c2ca28d58aa8c82fab9a65e74548a5c67de2351032bb5a%3A2%3A%7Bi%3A0%3Bs%3A13%3A%22_csrf-backend%22%3Bi%3A1%3Bs%3A32%3A%22bKfV9sEY--wcU-cXOWID4qD1pvvMMgvp%22%3B%7D; menuIsCollapsed=false'
    'PATH' => 'C:\\ProgramData\\Oracle\\Java\\javapath;C:\\Program Files (x86)\\Intel\\TXE Components\\TCS\\;C:\\Program Files\\Intel\\TXE Components\\TCS\\;C:\\WINDOWS\\system32;C:\\WINDOWS;C:\\WINDOWS\\System32\\Wbem;C:\\WINDOWS\\System32\\WindowsPowerShell\\v1.0\\;C:\\Program Files\\Hewlett-Packard\\SimplePass\\;C:\\Program Files\\Java\\jdk1.8.0_20\\bin;C:\\Program Files (x86)\\Windows Kits\\8.1\\Windows Performance Toolkit\\;C:\\Program Files\\Microsoft SQL Server\\110\\Tools\\Binn\\;C:\\Program Files\\Microsoft SQL Server\\120\\Tools\\Binn\\;C:\\Program Files (x86)\\Windows Live\\Shared;C:\\WINDOWS\\system32\\config\\systemprofile\\.dnx\\bin;C:\\Program Files\\Microsoft DNX\\Dnvm\\;C:\\Program Files (x86)\\Skype\\Phone\\;c:\\Program Files (x86)\\Microsoft SQL Server\\100\\Tools\\Binn\\;c:\\Program Files\\Microsoft SQL Server\\100\\Tools\\Binn\\;c:\\Program Files\\Microsoft SQL Server\\100\\DTS\\Binn\\;C:\\Program Files\\Git\\cmd;C:\\xampp\\php;C:\\XAMPP\\htdocs\\advanced;C:\\ProgramData\\ComposerSetup\\bin;C:\\Program Files\\TortoiseGit\\bin;C:\\Users\\HP Pavilion 11\\AppData\\Roaming\\Cloud Foundry;C:\\Program Files\\DataStax-DDC\\python;C:\\Users\\HP Pavilion 11\\AppData\\Local\\Microsoft\\WindowsApps;C:\\Users\\HP Pavilion 11\\AppData\\Roaming\\Composer\\vendor\\bin'
    'SystemRoot' => 'C:\\WINDOWS'
    'COMSPEC' => 'C:\\WINDOWS\\system32\\cmd.exe'
    'PATHEXT' => '.COM;.EXE;.BAT;.CMD;.VBS;.VBE;.JS;.JSE;.WSF;.WSH;.MSC'
    'WINDIR' => 'C:\\WINDOWS'
    'SERVER_SIGNATURE' => '<address>Apache/2.4.17 (Win32) OpenSSL/1.0.2d PHP/5.6.14 Server at localhost Port 80</address>
'
    'SERVER_SOFTWARE' => 'Apache/2.4.17 (Win32) OpenSSL/1.0.2d PHP/5.6.14'
    'SERVER_NAME' => 'localhost'
    'SERVER_ADDR' => '::1'
    'SERVER_PORT' => '80'
    'REMOTE_ADDR' => '::1'
    'DOCUMENT_ROOT' => 'C:/XAMPP/htdocs'
    'REQUEST_SCHEME' => 'http'
    'CONTEXT_PREFIX' => ''
    'CONTEXT_DOCUMENT_ROOT' => 'C:/XAMPP/htdocs'
    'SERVER_ADMIN' => 'postmaster@localhost'
    'SCRIPT_FILENAME' => 'C:/XAMPP/htdocs/NDRRMCMS/monitoring/backend/web/index.php'
    'REMOTE_PORT' => '62956'
    'GATEWAY_INTERFACE' => 'CGI/1.1'
    'SERVER_PROTOCOL' => 'HTTP/1.1'
    'REQUEST_METHOD' => 'GET'
    'QUERY_STRING' => 'r=site%2Fmenu'
    'REQUEST_URI' => '/NDRRMCMS/monitoring/backend/web/index.php?r=site%2Fmenu'
    'SCRIPT_NAME' => '/NDRRMCMS/monitoring/backend/web/index.php'
    'PHP_SELF' => '/NDRRMCMS/monitoring/backend/web/index.php'
    'REQUEST_TIME_FLOAT' => 1488455977.474
    'REQUEST_TIME' => 1488455977
]
2017-03-02 12:59:42 [::1][-][-][error][yii\web\HttpException:404] exception 'yii\base\InvalidRouteException' with message 'Unable to resolve the request: site/panel' in C:\XAMPP\htdocs\NDRRMCMS\monitoring\vendor\yiisoft\yii2\base\Controller.php:125
Stack trace:
#0 C:\XAMPP\htdocs\NDRRMCMS\monitoring\vendor\yiisoft\yii2\base\Module.php(454): yii\base\Controller->runAction('panel', Array)
#1 C:\XAMPP\htdocs\NDRRMCMS\monitoring\vendor\yiisoft\yii2\web\Application.php(87): yii\base\Module->runAction('site/panel', Array)
#2 C:\XAMPP\htdocs\NDRRMCMS\monitoring\vendor\yiisoft\yii2\base\Application.php(375): yii\web\Application->handleRequest(Object(yii\web\Request))
#3 C:\XAMPP\htdocs\NDRRMCMS\monitoring\backend\web\index.php(18): yii\base\Application->run()
#4 {main}

Next exception 'yii\web\NotFoundHttpException' with message 'Page not found.' in C:\XAMPP\htdocs\NDRRMCMS\monitoring\vendor\yiisoft\yii2\web\Application.php:99
Stack trace:
#0 C:\XAMPP\htdocs\NDRRMCMS\monitoring\vendor\yiisoft\yii2\base\Application.php(375): yii\web\Application->handleRequest(Object(yii\web\Request))
#1 C:\XAMPP\htdocs\NDRRMCMS\monitoring\backend\web\index.php(18): yii\base\Application->run()
#2 {main}
2017-03-02 12:59:42 [::1][-][-][info][application] $_GET = [
    'r' => 'site/panel'
]

$_COOKIE = [
    'advanced-backend' => 'vq45c7nhgg5s0s57l8fm03on91'
    '_backendCSRF' => '022ea6d4807f2c3bce4103495921ec0499f19e5c41a168e03a1cfe657dda9e9fa:2:{i:0;s:12:\"_backendCSRF\";i:1;s:32:\"tkYGL2Kku4tVhynLlpcT-7hvudgoYngP\";}'
    'PHPBACKSESSID' => 'rn586r39q3vi5ssfl9sgvr9ic0'
    'JSESSIONID' => '17B8D02A43DBB556F26333534058AEA0'
    'PHPSESSID' => 'micvm9adjoje3nh2spflp6bve4'
    '_identity' => 'ef05d13f9ea571e1e1cb01f18c5b0f0f6487fd19942ac9e6bb8b7978acb5be87a:2:{i:0;s:9:\"_identity\";i:1;s:46:\"[4,\"fzcvpLnh9LunUdTR8xLhxkJT8RjtAqEC\",2592000]\";}'
    '_csrf' => '1b1f6e6e4b45feb9d8e6ee3a19215a120dfafbb0c64758213fbc5b8abed11bd4a:2:{i:0;s:5:\"_csrf\";i:1;s:32:\"ab72rQZy0vslTlqI02Pt49UWy4p83Scu\";}'
    'PHPFRONTSESSID' => 'f1qj1tme6aggp57hi968r9qg14'
    '_csrf-frontend' => '18ab6fd2d40f7a4e4c690c512e6abf2c0e6ccc3b06c1787d8ba79e4f085d7351a:2:{i:0;s:14:\"_csrf-frontend\";i:1;s:32:\"h-ChSaout5gXHOizcSRFHzSmiSF02jOd\";}'
    'advanced-frontend' => '2roig894eg0rar0sftvjdlj982'
    '_frontendCSRF' => '1795f270b662b7010938bd9be4a7e0aa5f2cb79fc7230f9aac84bf9712a529c0a:2:{i:0;s:13:\"_frontendCSRF\";i:1;s:32:\"vGok9SVBtTyWuiX2YaoCT3pU5Rj2uaBv\";}'
    '_csrf-backend' => '20d9dba6df57a1f01f0c2ca28d58aa8c82fab9a65e74548a5c67de2351032bb5a:2:{i:0;s:13:\"_csrf-backend\";i:1;s:32:\"bKfV9sEY--wcU-cXOWID4qD1pvvMMgvp\";}'
    'menuIsCollapsed' => 'false'
]

$_SERVER = [
    'MIBDIRS' => 'C:/XAMPP/php/extras/mibs'
    'MYSQL_HOME' => '\\xampp\\mysql\\bin'
    'OPENSSL_CONF' => 'C:/XAMPP/apache/bin/openssl.cnf'
    'PHP_PEAR_SYSCONF_DIR' => '\\xampp\\php'
    'PHPRC' => '\\xampp\\php'
    'TMP' => '\\xampp\\tmp'
    'HTTP_HOST' => 'localhost'
    'HTTP_CONNECTION' => 'keep-alive'
    'HTTP_UPGRADE_INSECURE_REQUESTS' => '1'
    'HTTP_USER_AGENT' => 'Mozilla/5.0 (Windows NT 10.0; WOW64) AppleWebKit/537.36 (KHTML, like Gecko) Chrome/53.0.0.11780 Safari/537.36'
    'HTTP_ACCEPT' => 'text/html,application/xhtml+xml,application/xml;q=0.9,image/webp,*/*;q=0.8'
    'HTTP_REFERER' => 'http://localhost/NDRRMCMS/monitoring/backend/web/index.php?r=site%2Fmenu'
    'HTTP_ACCEPT_ENCODING' => 'gzip, deflate, sdch'
    'HTTP_ACCEPT_LANGUAGE' => 'en-US,en;q=0.8'
    'HTTP_COOKIE' => 'advanced-backend=vq45c7nhgg5s0s57l8fm03on91; _backendCSRF=022ea6d4807f2c3bce4103495921ec0499f19e5c41a168e03a1cfe657dda9e9fa%3A2%3A%7Bi%3A0%3Bs%3A12%3A%22_backendCSRF%22%3Bi%3A1%3Bs%3A32%3A%22tkYGL2Kku4tVhynLlpcT-7hvudgoYngP%22%3B%7D; PHPBACKSESSID=rn586r39q3vi5ssfl9sgvr9ic0; JSESSIONID=17B8D02A43DBB556F26333534058AEA0; PHPSESSID=micvm9adjoje3nh2spflp6bve4; _identity=ef05d13f9ea571e1e1cb01f18c5b0f0f6487fd19942ac9e6bb8b7978acb5be87a%3A2%3A%7Bi%3A0%3Bs%3A9%3A%22_identity%22%3Bi%3A1%3Bs%3A46%3A%22%5B4%2C%22fzcvpLnh9LunUdTR8xLhxkJT8RjtAqEC%22%2C2592000%5D%22%3B%7D; _csrf=1b1f6e6e4b45feb9d8e6ee3a19215a120dfafbb0c64758213fbc5b8abed11bd4a%3A2%3A%7Bi%3A0%3Bs%3A5%3A%22_csrf%22%3Bi%3A1%3Bs%3A32%3A%22ab72rQZy0vslTlqI02Pt49UWy4p83Scu%22%3B%7D; PHPFRONTSESSID=f1qj1tme6aggp57hi968r9qg14; _csrf-frontend=18ab6fd2d40f7a4e4c690c512e6abf2c0e6ccc3b06c1787d8ba79e4f085d7351a%3A2%3A%7Bi%3A0%3Bs%3A14%3A%22_csrf-frontend%22%3Bi%3A1%3Bs%3A32%3A%22h-ChSaout5gXHOizcSRFHzSmiSF02jOd%22%3B%7D; advanced-frontend=2roig894eg0rar0sftvjdlj982; _frontendCSRF=1795f270b662b7010938bd9be4a7e0aa5f2cb79fc7230f9aac84bf9712a529c0a%3A2%3A%7Bi%3A0%3Bs%3A13%3A%22_frontendCSRF%22%3Bi%3A1%3Bs%3A32%3A%22vGok9SVBtTyWuiX2YaoCT3pU5Rj2uaBv%22%3B%7D; _csrf-backend=20d9dba6df57a1f01f0c2ca28d58aa8c82fab9a65e74548a5c67de2351032bb5a%3A2%3A%7Bi%3A0%3Bs%3A13%3A%22_csrf-backend%22%3Bi%3A1%3Bs%3A32%3A%22bKfV9sEY--wcU-cXOWID4qD1pvvMMgvp%22%3B%7D; menuIsCollapsed=false'
    'PATH' => 'C:\\ProgramData\\Oracle\\Java\\javapath;C:\\Program Files (x86)\\Intel\\TXE Components\\TCS\\;C:\\Program Files\\Intel\\TXE Components\\TCS\\;C:\\WINDOWS\\system32;C:\\WINDOWS;C:\\WINDOWS\\System32\\Wbem;C:\\WINDOWS\\System32\\WindowsPowerShell\\v1.0\\;C:\\Program Files\\Hewlett-Packard\\SimplePass\\;C:\\Program Files\\Java\\jdk1.8.0_20\\bin;C:\\Program Files (x86)\\Windows Kits\\8.1\\Windows Performance Toolkit\\;C:\\Program Files\\Microsoft SQL Server\\110\\Tools\\Binn\\;C:\\Program Files\\Microsoft SQL Server\\120\\Tools\\Binn\\;C:\\Program Files (x86)\\Windows Live\\Shared;C:\\WINDOWS\\system32\\config\\systemprofile\\.dnx\\bin;C:\\Program Files\\Microsoft DNX\\Dnvm\\;C:\\Program Files (x86)\\Skype\\Phone\\;c:\\Program Files (x86)\\Microsoft SQL Server\\100\\Tools\\Binn\\;c:\\Program Files\\Microsoft SQL Server\\100\\Tools\\Binn\\;c:\\Program Files\\Microsoft SQL Server\\100\\DTS\\Binn\\;C:\\Program Files\\Git\\cmd;C:\\xampp\\php;C:\\XAMPP\\htdocs\\advanced;C:\\ProgramData\\ComposerSetup\\bin;C:\\Program Files\\TortoiseGit\\bin;C:\\Users\\HP Pavilion 11\\AppData\\Roaming\\Cloud Foundry;C:\\Program Files\\DataStax-DDC\\python;C:\\Users\\HP Pavilion 11\\AppData\\Local\\Microsoft\\WindowsApps;C:\\Users\\HP Pavilion 11\\AppData\\Roaming\\Composer\\vendor\\bin'
    'SystemRoot' => 'C:\\WINDOWS'
    'COMSPEC' => 'C:\\WINDOWS\\system32\\cmd.exe'
    'PATHEXT' => '.COM;.EXE;.BAT;.CMD;.VBS;.VBE;.JS;.JSE;.WSF;.WSH;.MSC'
    'WINDIR' => 'C:\\WINDOWS'
    'SERVER_SIGNATURE' => '<address>Apache/2.4.17 (Win32) OpenSSL/1.0.2d PHP/5.6.14 Server at localhost Port 80</address>
'
    'SERVER_SOFTWARE' => 'Apache/2.4.17 (Win32) OpenSSL/1.0.2d PHP/5.6.14'
    'SERVER_NAME' => 'localhost'
    'SERVER_ADDR' => '::1'
    'SERVER_PORT' => '80'
    'REMOTE_ADDR' => '::1'
    'DOCUMENT_ROOT' => 'C:/XAMPP/htdocs'
    'REQUEST_SCHEME' => 'http'
    'CONTEXT_PREFIX' => ''
    'CONTEXT_DOCUMENT_ROOT' => 'C:/XAMPP/htdocs'
    'SERVER_ADMIN' => 'postmaster@localhost'
    'SCRIPT_FILENAME' => 'C:/XAMPP/htdocs/NDRRMCMS/monitoring/backend/web/index.php'
    'REMOTE_PORT' => '62956'
    'GATEWAY_INTERFACE' => 'CGI/1.1'
    'SERVER_PROTOCOL' => 'HTTP/1.1'
    'REQUEST_METHOD' => 'GET'
    'QUERY_STRING' => 'r=site%2Fpanel'
    'REQUEST_URI' => '/NDRRMCMS/monitoring/backend/web/index.php?r=site%2Fpanel'
    'SCRIPT_NAME' => '/NDRRMCMS/monitoring/backend/web/index.php'
    'PHP_SELF' => '/NDRRMCMS/monitoring/backend/web/index.php'
    'REQUEST_TIME_FLOAT' => 1488455982.127
    'REQUEST_TIME' => 1488455982
]
2017-03-02 12:59:43 [::1][-][-][error][yii\web\HttpException:404] exception 'yii\base\InvalidRouteException' with message 'Unable to resolve the request: site/error-page' in C:\XAMPP\htdocs\NDRRMCMS\monitoring\vendor\yiisoft\yii2\base\Controller.php:125
Stack trace:
#0 C:\XAMPP\htdocs\NDRRMCMS\monitoring\vendor\yiisoft\yii2\base\Module.php(454): yii\base\Controller->runAction('error-page', Array)
#1 C:\XAMPP\htdocs\NDRRMCMS\monitoring\vendor\yiisoft\yii2\web\Application.php(87): yii\base\Module->runAction('site/error-page', Array)
#2 C:\XAMPP\htdocs\NDRRMCMS\monitoring\vendor\yiisoft\yii2\base\Application.php(375): yii\web\Application->handleRequest(Object(yii\web\Request))
#3 C:\XAMPP\htdocs\NDRRMCMS\monitoring\backend\web\index.php(18): yii\base\Application->run()
#4 {main}

Next exception 'yii\web\NotFoundHttpException' with message 'Page not found.' in C:\XAMPP\htdocs\NDRRMCMS\monitoring\vendor\yiisoft\yii2\web\Application.php:99
Stack trace:
#0 C:\XAMPP\htdocs\NDRRMCMS\monitoring\vendor\yiisoft\yii2\base\Application.php(375): yii\web\Application->handleRequest(Object(yii\web\Request))
#1 C:\XAMPP\htdocs\NDRRMCMS\monitoring\backend\web\index.php(18): yii\base\Application->run()
#2 {main}
2017-03-02 12:59:43 [::1][-][-][info][application] $_GET = [
    'r' => 'site/error-page'
]

$_COOKIE = [
    'advanced-backend' => 'vq45c7nhgg5s0s57l8fm03on91'
    '_backendCSRF' => '022ea6d4807f2c3bce4103495921ec0499f19e5c41a168e03a1cfe657dda9e9fa:2:{i:0;s:12:\"_backendCSRF\";i:1;s:32:\"tkYGL2Kku4tVhynLlpcT-7hvudgoYngP\";}'
    'PHPBACKSESSID' => 'rn586r39q3vi5ssfl9sgvr9ic0'
    'JSESSIONID' => '17B8D02A43DBB556F26333534058AEA0'
    'PHPSESSID' => 'micvm9adjoje3nh2spflp6bve4'
    '_identity' => 'ef05d13f9ea571e1e1cb01f18c5b0f0f6487fd19942ac9e6bb8b7978acb5be87a:2:{i:0;s:9:\"_identity\";i:1;s:46:\"[4,\"fzcvpLnh9LunUdTR8xLhxkJT8RjtAqEC\",2592000]\";}'
    '_csrf' => '1b1f6e6e4b45feb9d8e6ee3a19215a120dfafbb0c64758213fbc5b8abed11bd4a:2:{i:0;s:5:\"_csrf\";i:1;s:32:\"ab72rQZy0vslTlqI02Pt49UWy4p83Scu\";}'
    'PHPFRONTSESSID' => 'f1qj1tme6aggp57hi968r9qg14'
    '_csrf-frontend' => '18ab6fd2d40f7a4e4c690c512e6abf2c0e6ccc3b06c1787d8ba79e4f085d7351a:2:{i:0;s:14:\"_csrf-frontend\";i:1;s:32:\"h-ChSaout5gXHOizcSRFHzSmiSF02jOd\";}'
    'advanced-frontend' => '2roig894eg0rar0sftvjdlj982'
    '_frontendCSRF' => '1795f270b662b7010938bd9be4a7e0aa5f2cb79fc7230f9aac84bf9712a529c0a:2:{i:0;s:13:\"_frontendCSRF\";i:1;s:32:\"vGok9SVBtTyWuiX2YaoCT3pU5Rj2uaBv\";}'
    '_csrf-backend' => '20d9dba6df57a1f01f0c2ca28d58aa8c82fab9a65e74548a5c67de2351032bb5a:2:{i:0;s:13:\"_csrf-backend\";i:1;s:32:\"bKfV9sEY--wcU-cXOWID4qD1pvvMMgvp\";}'
    'menuIsCollapsed' => 'false'
]

$_SERVER = [
    'MIBDIRS' => 'C:/XAMPP/php/extras/mibs'
    'MYSQL_HOME' => '\\xampp\\mysql\\bin'
    'OPENSSL_CONF' => 'C:/XAMPP/apache/bin/openssl.cnf'
    'PHP_PEAR_SYSCONF_DIR' => '\\xampp\\php'
    'PHPRC' => '\\xampp\\php'
    'TMP' => '\\xampp\\tmp'
    'HTTP_HOST' => 'localhost'
    'HTTP_CONNECTION' => 'keep-alive'
    'HTTP_UPGRADE_INSECURE_REQUESTS' => '1'
    'HTTP_USER_AGENT' => 'Mozilla/5.0 (Windows NT 10.0; WOW64) AppleWebKit/537.36 (KHTML, like Gecko) Chrome/53.0.0.11780 Safari/537.36'
    'HTTP_ACCEPT' => 'text/html,application/xhtml+xml,application/xml;q=0.9,image/webp,*/*;q=0.8'
    'HTTP_REFERER' => 'http://localhost/NDRRMCMS/monitoring/backend/web/index.php?r=site%2Fpanel'
    'HTTP_ACCEPT_ENCODING' => 'gzip, deflate, sdch'
    'HTTP_ACCEPT_LANGUAGE' => 'en-US,en;q=0.8'
    'HTTP_COOKIE' => 'advanced-backend=vq45c7nhgg5s0s57l8fm03on91; _backendCSRF=022ea6d4807f2c3bce4103495921ec0499f19e5c41a168e03a1cfe657dda9e9fa%3A2%3A%7Bi%3A0%3Bs%3A12%3A%22_backendCSRF%22%3Bi%3A1%3Bs%3A32%3A%22tkYGL2Kku4tVhynLlpcT-7hvudgoYngP%22%3B%7D; PHPBACKSESSID=rn586r39q3vi5ssfl9sgvr9ic0; JSESSIONID=17B8D02A43DBB556F26333534058AEA0; PHPSESSID=micvm9adjoje3nh2spflp6bve4; _identity=ef05d13f9ea571e1e1cb01f18c5b0f0f6487fd19942ac9e6bb8b7978acb5be87a%3A2%3A%7Bi%3A0%3Bs%3A9%3A%22_identity%22%3Bi%3A1%3Bs%3A46%3A%22%5B4%2C%22fzcvpLnh9LunUdTR8xLhxkJT8RjtAqEC%22%2C2592000%5D%22%3B%7D; _csrf=1b1f6e6e4b45feb9d8e6ee3a19215a120dfafbb0c64758213fbc5b8abed11bd4a%3A2%3A%7Bi%3A0%3Bs%3A5%3A%22_csrf%22%3Bi%3A1%3Bs%3A32%3A%22ab72rQZy0vslTlqI02Pt49UWy4p83Scu%22%3B%7D; PHPFRONTSESSID=f1qj1tme6aggp57hi968r9qg14; _csrf-frontend=18ab6fd2d40f7a4e4c690c512e6abf2c0e6ccc3b06c1787d8ba79e4f085d7351a%3A2%3A%7Bi%3A0%3Bs%3A14%3A%22_csrf-frontend%22%3Bi%3A1%3Bs%3A32%3A%22h-ChSaout5gXHOizcSRFHzSmiSF02jOd%22%3B%7D; advanced-frontend=2roig894eg0rar0sftvjdlj982; _frontendCSRF=1795f270b662b7010938bd9be4a7e0aa5f2cb79fc7230f9aac84bf9712a529c0a%3A2%3A%7Bi%3A0%3Bs%3A13%3A%22_frontendCSRF%22%3Bi%3A1%3Bs%3A32%3A%22vGok9SVBtTyWuiX2YaoCT3pU5Rj2uaBv%22%3B%7D; _csrf-backend=20d9dba6df57a1f01f0c2ca28d58aa8c82fab9a65e74548a5c67de2351032bb5a%3A2%3A%7Bi%3A0%3Bs%3A13%3A%22_csrf-backend%22%3Bi%3A1%3Bs%3A32%3A%22bKfV9sEY--wcU-cXOWID4qD1pvvMMgvp%22%3B%7D; menuIsCollapsed=false'
    'PATH' => 'C:\\ProgramData\\Oracle\\Java\\javapath;C:\\Program Files (x86)\\Intel\\TXE Components\\TCS\\;C:\\Program Files\\Intel\\TXE Components\\TCS\\;C:\\WINDOWS\\system32;C:\\WINDOWS;C:\\WINDOWS\\System32\\Wbem;C:\\WINDOWS\\System32\\WindowsPowerShell\\v1.0\\;C:\\Program Files\\Hewlett-Packard\\SimplePass\\;C:\\Program Files\\Java\\jdk1.8.0_20\\bin;C:\\Program Files (x86)\\Windows Kits\\8.1\\Windows Performance Toolkit\\;C:\\Program Files\\Microsoft SQL Server\\110\\Tools\\Binn\\;C:\\Program Files\\Microsoft SQL Server\\120\\Tools\\Binn\\;C:\\Program Files (x86)\\Windows Live\\Shared;C:\\WINDOWS\\system32\\config\\systemprofile\\.dnx\\bin;C:\\Program Files\\Microsoft DNX\\Dnvm\\;C:\\Program Files (x86)\\Skype\\Phone\\;c:\\Program Files (x86)\\Microsoft SQL Server\\100\\Tools\\Binn\\;c:\\Program Files\\Microsoft SQL Server\\100\\Tools\\Binn\\;c:\\Program Files\\Microsoft SQL Server\\100\\DTS\\Binn\\;C:\\Program Files\\Git\\cmd;C:\\xampp\\php;C:\\XAMPP\\htdocs\\advanced;C:\\ProgramData\\ComposerSetup\\bin;C:\\Program Files\\TortoiseGit\\bin;C:\\Users\\HP Pavilion 11\\AppData\\Roaming\\Cloud Foundry;C:\\Program Files\\DataStax-DDC\\python;C:\\Users\\HP Pavilion 11\\AppData\\Local\\Microsoft\\WindowsApps;C:\\Users\\HP Pavilion 11\\AppData\\Roaming\\Composer\\vendor\\bin'
    'SystemRoot' => 'C:\\WINDOWS'
    'COMSPEC' => 'C:\\WINDOWS\\system32\\cmd.exe'
    'PATHEXT' => '.COM;.EXE;.BAT;.CMD;.VBS;.VBE;.JS;.JSE;.WSF;.WSH;.MSC'
    'WINDIR' => 'C:\\WINDOWS'
    'SERVER_SIGNATURE' => '<address>Apache/2.4.17 (Win32) OpenSSL/1.0.2d PHP/5.6.14 Server at localhost Port 80</address>
'
    'SERVER_SOFTWARE' => 'Apache/2.4.17 (Win32) OpenSSL/1.0.2d PHP/5.6.14'
    'SERVER_NAME' => 'localhost'
    'SERVER_ADDR' => '::1'
    'SERVER_PORT' => '80'
    'REMOTE_ADDR' => '::1'
    'DOCUMENT_ROOT' => 'C:/XAMPP/htdocs'
    'REQUEST_SCHEME' => 'http'
    'CONTEXT_PREFIX' => ''
    'CONTEXT_DOCUMENT_ROOT' => 'C:/XAMPP/htdocs'
    'SERVER_ADMIN' => 'postmaster@localhost'
    'SCRIPT_FILENAME' => 'C:/XAMPP/htdocs/NDRRMCMS/monitoring/backend/web/index.php'
    'REMOTE_PORT' => '62963'
    'GATEWAY_INTERFACE' => 'CGI/1.1'
    'SERVER_PROTOCOL' => 'HTTP/1.1'
    'REQUEST_METHOD' => 'GET'
    'QUERY_STRING' => 'r=site%2Ferror-page'
    'REQUEST_URI' => '/NDRRMCMS/monitoring/backend/web/index.php?r=site%2Ferror-page'
    'SCRIPT_NAME' => '/NDRRMCMS/monitoring/backend/web/index.php'
    'PHP_SELF' => '/NDRRMCMS/monitoring/backend/web/index.php'
    'REQUEST_TIME_FLOAT' => 1488455983.404
    'REQUEST_TIME' => 1488455983
]
2017-03-02 12:59:46 [::1][-][-][error][yii\web\HttpException:404] exception 'yii\base\InvalidRouteException' with message 'Unable to resolve the request: site/layout' in C:\XAMPP\htdocs\NDRRMCMS\monitoring\vendor\yiisoft\yii2\base\Controller.php:125
Stack trace:
#0 C:\XAMPP\htdocs\NDRRMCMS\monitoring\vendor\yiisoft\yii2\base\Module.php(454): yii\base\Controller->runAction('layout', Array)
#1 C:\XAMPP\htdocs\NDRRMCMS\monitoring\vendor\yiisoft\yii2\web\Application.php(87): yii\base\Module->runAction('site/layout', Array)
#2 C:\XAMPP\htdocs\NDRRMCMS\monitoring\vendor\yiisoft\yii2\base\Application.php(375): yii\web\Application->handleRequest(Object(yii\web\Request))
#3 C:\XAMPP\htdocs\NDRRMCMS\monitoring\backend\web\index.php(18): yii\base\Application->run()
#4 {main}

Next exception 'yii\web\NotFoundHttpException' with message 'Page not found.' in C:\XAMPP\htdocs\NDRRMCMS\monitoring\vendor\yiisoft\yii2\web\Application.php:99
Stack trace:
#0 C:\XAMPP\htdocs\NDRRMCMS\monitoring\vendor\yiisoft\yii2\base\Application.php(375): yii\web\Application->handleRequest(Object(yii\web\Request))
#1 C:\XAMPP\htdocs\NDRRMCMS\monitoring\backend\web\index.php(18): yii\base\Application->run()
#2 {main}
2017-03-02 12:59:46 [::1][-][-][info][application] $_GET = [
    'r' => 'site/layout'
]

$_COOKIE = [
    'advanced-backend' => 'vq45c7nhgg5s0s57l8fm03on91'
    '_backendCSRF' => '022ea6d4807f2c3bce4103495921ec0499f19e5c41a168e03a1cfe657dda9e9fa:2:{i:0;s:12:\"_backendCSRF\";i:1;s:32:\"tkYGL2Kku4tVhynLlpcT-7hvudgoYngP\";}'
    'PHPBACKSESSID' => 'rn586r39q3vi5ssfl9sgvr9ic0'
    'JSESSIONID' => '17B8D02A43DBB556F26333534058AEA0'
    'PHPSESSID' => 'micvm9adjoje3nh2spflp6bve4'
    '_identity' => 'ef05d13f9ea571e1e1cb01f18c5b0f0f6487fd19942ac9e6bb8b7978acb5be87a:2:{i:0;s:9:\"_identity\";i:1;s:46:\"[4,\"fzcvpLnh9LunUdTR8xLhxkJT8RjtAqEC\",2592000]\";}'
    '_csrf' => '1b1f6e6e4b45feb9d8e6ee3a19215a120dfafbb0c64758213fbc5b8abed11bd4a:2:{i:0;s:5:\"_csrf\";i:1;s:32:\"ab72rQZy0vslTlqI02Pt49UWy4p83Scu\";}'
    'PHPFRONTSESSID' => 'f1qj1tme6aggp57hi968r9qg14'
    '_csrf-frontend' => '18ab6fd2d40f7a4e4c690c512e6abf2c0e6ccc3b06c1787d8ba79e4f085d7351a:2:{i:0;s:14:\"_csrf-frontend\";i:1;s:32:\"h-ChSaout5gXHOizcSRFHzSmiSF02jOd\";}'
    'advanced-frontend' => '2roig894eg0rar0sftvjdlj982'
    '_frontendCSRF' => '1795f270b662b7010938bd9be4a7e0aa5f2cb79fc7230f9aac84bf9712a529c0a:2:{i:0;s:13:\"_frontendCSRF\";i:1;s:32:\"vGok9SVBtTyWuiX2YaoCT3pU5Rj2uaBv\";}'
    '_csrf-backend' => '20d9dba6df57a1f01f0c2ca28d58aa8c82fab9a65e74548a5c67de2351032bb5a:2:{i:0;s:13:\"_csrf-backend\";i:1;s:32:\"bKfV9sEY--wcU-cXOWID4qD1pvvMMgvp\";}'
    'menuIsCollapsed' => 'false'
]

$_SERVER = [
    'MIBDIRS' => 'C:/XAMPP/php/extras/mibs'
    'MYSQL_HOME' => '\\xampp\\mysql\\bin'
    'OPENSSL_CONF' => 'C:/XAMPP/apache/bin/openssl.cnf'
    'PHP_PEAR_SYSCONF_DIR' => '\\xampp\\php'
    'PHPRC' => '\\xampp\\php'
    'TMP' => '\\xampp\\tmp'
    'HTTP_HOST' => 'localhost'
    'HTTP_CONNECTION' => 'keep-alive'
    'HTTP_UPGRADE_INSECURE_REQUESTS' => '1'
    'HTTP_USER_AGENT' => 'Mozilla/5.0 (Windows NT 10.0; WOW64) AppleWebKit/537.36 (KHTML, like Gecko) Chrome/53.0.0.11780 Safari/537.36'
    'HTTP_ACCEPT' => 'text/html,application/xhtml+xml,application/xml;q=0.9,image/webp,*/*;q=0.8'
    'HTTP_REFERER' => 'http://localhost/NDRRMCMS/monitoring/backend/web/index.php?r=site%2Ferror-page'
    'HTTP_ACCEPT_ENCODING' => 'gzip, deflate, sdch'
    'HTTP_ACCEPT_LANGUAGE' => 'en-US,en;q=0.8'
    'HTTP_COOKIE' => 'advanced-backend=vq45c7nhgg5s0s57l8fm03on91; _backendCSRF=022ea6d4807f2c3bce4103495921ec0499f19e5c41a168e03a1cfe657dda9e9fa%3A2%3A%7Bi%3A0%3Bs%3A12%3A%22_backendCSRF%22%3Bi%3A1%3Bs%3A32%3A%22tkYGL2Kku4tVhynLlpcT-7hvudgoYngP%22%3B%7D; PHPBACKSESSID=rn586r39q3vi5ssfl9sgvr9ic0; JSESSIONID=17B8D02A43DBB556F26333534058AEA0; PHPSESSID=micvm9adjoje3nh2spflp6bve4; _identity=ef05d13f9ea571e1e1cb01f18c5b0f0f6487fd19942ac9e6bb8b7978acb5be87a%3A2%3A%7Bi%3A0%3Bs%3A9%3A%22_identity%22%3Bi%3A1%3Bs%3A46%3A%22%5B4%2C%22fzcvpLnh9LunUdTR8xLhxkJT8RjtAqEC%22%2C2592000%5D%22%3B%7D; _csrf=1b1f6e6e4b45feb9d8e6ee3a19215a120dfafbb0c64758213fbc5b8abed11bd4a%3A2%3A%7Bi%3A0%3Bs%3A5%3A%22_csrf%22%3Bi%3A1%3Bs%3A32%3A%22ab72rQZy0vslTlqI02Pt49UWy4p83Scu%22%3B%7D; PHPFRONTSESSID=f1qj1tme6aggp57hi968r9qg14; _csrf-frontend=18ab6fd2d40f7a4e4c690c512e6abf2c0e6ccc3b06c1787d8ba79e4f085d7351a%3A2%3A%7Bi%3A0%3Bs%3A14%3A%22_csrf-frontend%22%3Bi%3A1%3Bs%3A32%3A%22h-ChSaout5gXHOizcSRFHzSmiSF02jOd%22%3B%7D; advanced-frontend=2roig894eg0rar0sftvjdlj982; _frontendCSRF=1795f270b662b7010938bd9be4a7e0aa5f2cb79fc7230f9aac84bf9712a529c0a%3A2%3A%7Bi%3A0%3Bs%3A13%3A%22_frontendCSRF%22%3Bi%3A1%3Bs%3A32%3A%22vGok9SVBtTyWuiX2YaoCT3pU5Rj2uaBv%22%3B%7D; _csrf-backend=20d9dba6df57a1f01f0c2ca28d58aa8c82fab9a65e74548a5c67de2351032bb5a%3A2%3A%7Bi%3A0%3Bs%3A13%3A%22_csrf-backend%22%3Bi%3A1%3Bs%3A32%3A%22bKfV9sEY--wcU-cXOWID4qD1pvvMMgvp%22%3B%7D; menuIsCollapsed=false'
    'PATH' => 'C:\\ProgramData\\Oracle\\Java\\javapath;C:\\Program Files (x86)\\Intel\\TXE Components\\TCS\\;C:\\Program Files\\Intel\\TXE Components\\TCS\\;C:\\WINDOWS\\system32;C:\\WINDOWS;C:\\WINDOWS\\System32\\Wbem;C:\\WINDOWS\\System32\\WindowsPowerShell\\v1.0\\;C:\\Program Files\\Hewlett-Packard\\SimplePass\\;C:\\Program Files\\Java\\jdk1.8.0_20\\bin;C:\\Program Files (x86)\\Windows Kits\\8.1\\Windows Performance Toolkit\\;C:\\Program Files\\Microsoft SQL Server\\110\\Tools\\Binn\\;C:\\Program Files\\Microsoft SQL Server\\120\\Tools\\Binn\\;C:\\Program Files (x86)\\Windows Live\\Shared;C:\\WINDOWS\\system32\\config\\systemprofile\\.dnx\\bin;C:\\Program Files\\Microsoft DNX\\Dnvm\\;C:\\Program Files (x86)\\Skype\\Phone\\;c:\\Program Files (x86)\\Microsoft SQL Server\\100\\Tools\\Binn\\;c:\\Program Files\\Microsoft SQL Server\\100\\Tools\\Binn\\;c:\\Program Files\\Microsoft SQL Server\\100\\DTS\\Binn\\;C:\\Program Files\\Git\\cmd;C:\\xampp\\php;C:\\XAMPP\\htdocs\\advanced;C:\\ProgramData\\ComposerSetup\\bin;C:\\Program Files\\TortoiseGit\\bin;C:\\Users\\HP Pavilion 11\\AppData\\Roaming\\Cloud Foundry;C:\\Program Files\\DataStax-DDC\\python;C:\\Users\\HP Pavilion 11\\AppData\\Local\\Microsoft\\WindowsApps;C:\\Users\\HP Pavilion 11\\AppData\\Roaming\\Composer\\vendor\\bin'
    'SystemRoot' => 'C:\\WINDOWS'
    'COMSPEC' => 'C:\\WINDOWS\\system32\\cmd.exe'
    'PATHEXT' => '.COM;.EXE;.BAT;.CMD;.VBS;.VBE;.JS;.JSE;.WSF;.WSH;.MSC'
    'WINDIR' => 'C:\\WINDOWS'
    'SERVER_SIGNATURE' => '<address>Apache/2.4.17 (Win32) OpenSSL/1.0.2d PHP/5.6.14 Server at localhost Port 80</address>
'
    'SERVER_SOFTWARE' => 'Apache/2.4.17 (Win32) OpenSSL/1.0.2d PHP/5.6.14'
    'SERVER_NAME' => 'localhost'
    'SERVER_ADDR' => '::1'
    'SERVER_PORT' => '80'
    'REMOTE_ADDR' => '::1'
    'DOCUMENT_ROOT' => 'C:/XAMPP/htdocs'
    'REQUEST_SCHEME' => 'http'
    'CONTEXT_PREFIX' => ''
    'CONTEXT_DOCUMENT_ROOT' => 'C:/XAMPP/htdocs'
    'SERVER_ADMIN' => 'postmaster@localhost'
    'SCRIPT_FILENAME' => 'C:/XAMPP/htdocs/NDRRMCMS/monitoring/backend/web/index.php'
    'REMOTE_PORT' => '62962'
    'GATEWAY_INTERFACE' => 'CGI/1.1'
    'SERVER_PROTOCOL' => 'HTTP/1.1'
    'REQUEST_METHOD' => 'GET'
    'QUERY_STRING' => 'r=site%2Flayout'
    'REQUEST_URI' => '/NDRRMCMS/monitoring/backend/web/index.php?r=site%2Flayout'
    'SCRIPT_NAME' => '/NDRRMCMS/monitoring/backend/web/index.php'
    'PHP_SELF' => '/NDRRMCMS/monitoring/backend/web/index.php'
    'REQUEST_TIME_FLOAT' => 1488455985.999
    'REQUEST_TIME' => 1488455985
]
2017-03-02 13:03:28 [::1][-][-][error][yii\web\HttpException:404] exception 'yii\base\InvalidRouteException' with message 'Unable to resolve the request: site/layout' in C:\XAMPP\htdocs\NDRRMCMS\monitoring\vendor\yiisoft\yii2\base\Controller.php:125
Stack trace:
#0 C:\XAMPP\htdocs\NDRRMCMS\monitoring\vendor\yiisoft\yii2\base\Module.php(454): yii\base\Controller->runAction('layout', Array)
#1 C:\XAMPP\htdocs\NDRRMCMS\monitoring\vendor\yiisoft\yii2\web\Application.php(87): yii\base\Module->runAction('site/layout', Array)
#2 C:\XAMPP\htdocs\NDRRMCMS\monitoring\vendor\yiisoft\yii2\base\Application.php(375): yii\web\Application->handleRequest(Object(yii\web\Request))
#3 C:\XAMPP\htdocs\NDRRMCMS\monitoring\backend\web\index.php(18): yii\base\Application->run()
#4 {main}

Next exception 'yii\web\NotFoundHttpException' with message 'Page not found.' in C:\XAMPP\htdocs\NDRRMCMS\monitoring\vendor\yiisoft\yii2\web\Application.php:99
Stack trace:
#0 C:\XAMPP\htdocs\NDRRMCMS\monitoring\vendor\yiisoft\yii2\base\Application.php(375): yii\web\Application->handleRequest(Object(yii\web\Request))
#1 C:\XAMPP\htdocs\NDRRMCMS\monitoring\backend\web\index.php(18): yii\base\Application->run()
#2 {main}
2017-03-02 13:03:28 [::1][-][-][info][application] $_GET = [
    'r' => 'site/layout'
]

$_COOKIE = [
    'advanced-backend' => 'vq45c7nhgg5s0s57l8fm03on91'
    '_backendCSRF' => '022ea6d4807f2c3bce4103495921ec0499f19e5c41a168e03a1cfe657dda9e9fa:2:{i:0;s:12:\"_backendCSRF\";i:1;s:32:\"tkYGL2Kku4tVhynLlpcT-7hvudgoYngP\";}'
    'PHPBACKSESSID' => 'rn586r39q3vi5ssfl9sgvr9ic0'
    'JSESSIONID' => '17B8D02A43DBB556F26333534058AEA0'
    'PHPSESSID' => 'micvm9adjoje3nh2spflp6bve4'
    '_identity' => 'ef05d13f9ea571e1e1cb01f18c5b0f0f6487fd19942ac9e6bb8b7978acb5be87a:2:{i:0;s:9:\"_identity\";i:1;s:46:\"[4,\"fzcvpLnh9LunUdTR8xLhxkJT8RjtAqEC\",2592000]\";}'
    '_csrf' => '1b1f6e6e4b45feb9d8e6ee3a19215a120dfafbb0c64758213fbc5b8abed11bd4a:2:{i:0;s:5:\"_csrf\";i:1;s:32:\"ab72rQZy0vslTlqI02Pt49UWy4p83Scu\";}'
    'PHPFRONTSESSID' => 'f1qj1tme6aggp57hi968r9qg14'
    '_csrf-frontend' => '18ab6fd2d40f7a4e4c690c512e6abf2c0e6ccc3b06c1787d8ba79e4f085d7351a:2:{i:0;s:14:\"_csrf-frontend\";i:1;s:32:\"h-ChSaout5gXHOizcSRFHzSmiSF02jOd\";}'
    'advanced-frontend' => '2roig894eg0rar0sftvjdlj982'
    '_frontendCSRF' => '1795f270b662b7010938bd9be4a7e0aa5f2cb79fc7230f9aac84bf9712a529c0a:2:{i:0;s:13:\"_frontendCSRF\";i:1;s:32:\"vGok9SVBtTyWuiX2YaoCT3pU5Rj2uaBv\";}'
    '_csrf-backend' => '20d9dba6df57a1f01f0c2ca28d58aa8c82fab9a65e74548a5c67de2351032bb5a:2:{i:0;s:13:\"_csrf-backend\";i:1;s:32:\"bKfV9sEY--wcU-cXOWID4qD1pvvMMgvp\";}'
    'menuIsCollapsed' => 'false'
]

$_SERVER = [
    'MIBDIRS' => 'C:/XAMPP/php/extras/mibs'
    'MYSQL_HOME' => '\\xampp\\mysql\\bin'
    'OPENSSL_CONF' => 'C:/XAMPP/apache/bin/openssl.cnf'
    'PHP_PEAR_SYSCONF_DIR' => '\\xampp\\php'
    'PHPRC' => '\\xampp\\php'
    'TMP' => '\\xampp\\tmp'
    'HTTP_HOST' => 'localhost'
    'HTTP_CONNECTION' => 'keep-alive'
    'HTTP_CACHE_CONTROL' => 'max-age=0'
    'HTTP_UPGRADE_INSECURE_REQUESTS' => '1'
    'HTTP_USER_AGENT' => 'Mozilla/5.0 (Windows NT 10.0; WOW64) AppleWebKit/537.36 (KHTML, like Gecko) Chrome/53.0.0.11780 Safari/537.36'
    'HTTP_ACCEPT' => 'text/html,application/xhtml+xml,application/xml;q=0.9,image/webp,*/*;q=0.8'
    'HTTP_ACCEPT_ENCODING' => 'gzip, deflate, sdch'
    'HTTP_ACCEPT_LANGUAGE' => 'en-US,en;q=0.8'
    'HTTP_COOKIE' => 'advanced-backend=vq45c7nhgg5s0s57l8fm03on91; _backendCSRF=022ea6d4807f2c3bce4103495921ec0499f19e5c41a168e03a1cfe657dda9e9fa%3A2%3A%7Bi%3A0%3Bs%3A12%3A%22_backendCSRF%22%3Bi%3A1%3Bs%3A32%3A%22tkYGL2Kku4tVhynLlpcT-7hvudgoYngP%22%3B%7D; PHPBACKSESSID=rn586r39q3vi5ssfl9sgvr9ic0; JSESSIONID=17B8D02A43DBB556F26333534058AEA0; PHPSESSID=micvm9adjoje3nh2spflp6bve4; _identity=ef05d13f9ea571e1e1cb01f18c5b0f0f6487fd19942ac9e6bb8b7978acb5be87a%3A2%3A%7Bi%3A0%3Bs%3A9%3A%22_identity%22%3Bi%3A1%3Bs%3A46%3A%22%5B4%2C%22fzcvpLnh9LunUdTR8xLhxkJT8RjtAqEC%22%2C2592000%5D%22%3B%7D; _csrf=1b1f6e6e4b45feb9d8e6ee3a19215a120dfafbb0c64758213fbc5b8abed11bd4a%3A2%3A%7Bi%3A0%3Bs%3A5%3A%22_csrf%22%3Bi%3A1%3Bs%3A32%3A%22ab72rQZy0vslTlqI02Pt49UWy4p83Scu%22%3B%7D; PHPFRONTSESSID=f1qj1tme6aggp57hi968r9qg14; _csrf-frontend=18ab6fd2d40f7a4e4c690c512e6abf2c0e6ccc3b06c1787d8ba79e4f085d7351a%3A2%3A%7Bi%3A0%3Bs%3A14%3A%22_csrf-frontend%22%3Bi%3A1%3Bs%3A32%3A%22h-ChSaout5gXHOizcSRFHzSmiSF02jOd%22%3B%7D; advanced-frontend=2roig894eg0rar0sftvjdlj982; _frontendCSRF=1795f270b662b7010938bd9be4a7e0aa5f2cb79fc7230f9aac84bf9712a529c0a%3A2%3A%7Bi%3A0%3Bs%3A13%3A%22_frontendCSRF%22%3Bi%3A1%3Bs%3A32%3A%22vGok9SVBtTyWuiX2YaoCT3pU5Rj2uaBv%22%3B%7D; _csrf-backend=20d9dba6df57a1f01f0c2ca28d58aa8c82fab9a65e74548a5c67de2351032bb5a%3A2%3A%7Bi%3A0%3Bs%3A13%3A%22_csrf-backend%22%3Bi%3A1%3Bs%3A32%3A%22bKfV9sEY--wcU-cXOWID4qD1pvvMMgvp%22%3B%7D; menuIsCollapsed=false'
    'PATH' => 'C:\\ProgramData\\Oracle\\Java\\javapath;C:\\Program Files (x86)\\Intel\\TXE Components\\TCS\\;C:\\Program Files\\Intel\\TXE Components\\TCS\\;C:\\WINDOWS\\system32;C:\\WINDOWS;C:\\WINDOWS\\System32\\Wbem;C:\\WINDOWS\\System32\\WindowsPowerShell\\v1.0\\;C:\\Program Files\\Hewlett-Packard\\SimplePass\\;C:\\Program Files\\Java\\jdk1.8.0_20\\bin;C:\\Program Files (x86)\\Windows Kits\\8.1\\Windows Performance Toolkit\\;C:\\Program Files\\Microsoft SQL Server\\110\\Tools\\Binn\\;C:\\Program Files\\Microsoft SQL Server\\120\\Tools\\Binn\\;C:\\Program Files (x86)\\Windows Live\\Shared;C:\\WINDOWS\\system32\\config\\systemprofile\\.dnx\\bin;C:\\Program Files\\Microsoft DNX\\Dnvm\\;C:\\Program Files (x86)\\Skype\\Phone\\;c:\\Program Files (x86)\\Microsoft SQL Server\\100\\Tools\\Binn\\;c:\\Program Files\\Microsoft SQL Server\\100\\Tools\\Binn\\;c:\\Program Files\\Microsoft SQL Server\\100\\DTS\\Binn\\;C:\\Program Files\\Git\\cmd;C:\\xampp\\php;C:\\XAMPP\\htdocs\\advanced;C:\\ProgramData\\ComposerSetup\\bin;C:\\Program Files\\TortoiseGit\\bin;C:\\Users\\HP Pavilion 11\\AppData\\Roaming\\Cloud Foundry;C:\\Program Files\\DataStax-DDC\\python;C:\\Users\\HP Pavilion 11\\AppData\\Local\\Microsoft\\WindowsApps;C:\\Users\\HP Pavilion 11\\AppData\\Roaming\\Composer\\vendor\\bin'
    'SystemRoot' => 'C:\\WINDOWS'
    'COMSPEC' => 'C:\\WINDOWS\\system32\\cmd.exe'
    'PATHEXT' => '.COM;.EXE;.BAT;.CMD;.VBS;.VBE;.JS;.JSE;.WSF;.WSH;.MSC'
    'WINDIR' => 'C:\\WINDOWS'
    'SERVER_SIGNATURE' => '<address>Apache/2.4.17 (Win32) OpenSSL/1.0.2d PHP/5.6.14 Server at localhost Port 80</address>
'
    'SERVER_SOFTWARE' => 'Apache/2.4.17 (Win32) OpenSSL/1.0.2d PHP/5.6.14'
    'SERVER_NAME' => 'localhost'
    'SERVER_ADDR' => '::1'
    'SERVER_PORT' => '80'
    'REMOTE_ADDR' => '::1'
    'DOCUMENT_ROOT' => 'C:/XAMPP/htdocs'
    'REQUEST_SCHEME' => 'http'
    'CONTEXT_PREFIX' => ''
    'CONTEXT_DOCUMENT_ROOT' => 'C:/XAMPP/htdocs'
    'SERVER_ADMIN' => 'postmaster@localhost'
    'SCRIPT_FILENAME' => 'C:/XAMPP/htdocs/NDRRMCMS/monitoring/backend/web/index.php'
    'REMOTE_PORT' => '63006'
    'GATEWAY_INTERFACE' => 'CGI/1.1'
    'SERVER_PROTOCOL' => 'HTTP/1.1'
    'REQUEST_METHOD' => 'GET'
    'QUERY_STRING' => 'r=site%2Flayout'
    'REQUEST_URI' => '/NDRRMCMS/monitoring/backend/web/index.php?r=site%2Flayout'
    'SCRIPT_NAME' => '/NDRRMCMS/monitoring/backend/web/index.php'
    'PHP_SELF' => '/NDRRMCMS/monitoring/backend/web/index.php'
    'REQUEST_TIME_FLOAT' => 1488456208.242
    'REQUEST_TIME' => 1488456208
]
2017-03-02 13:03:59 [::1][-][-][error][yii\web\HttpException:404] exception 'yii\base\InvalidRouteException' with message 'Unable to resolve the request: site/panel' in C:\XAMPP\htdocs\NDRRMCMS\monitoring\vendor\yiisoft\yii2\base\Controller.php:125
Stack trace:
#0 C:\XAMPP\htdocs\NDRRMCMS\monitoring\vendor\yiisoft\yii2\base\Module.php(454): yii\base\Controller->runAction('panel', Array)
#1 C:\XAMPP\htdocs\NDRRMCMS\monitoring\vendor\yiisoft\yii2\web\Application.php(87): yii\base\Module->runAction('site/panel', Array)
#2 C:\XAMPP\htdocs\NDRRMCMS\monitoring\vendor\yiisoft\yii2\base\Application.php(375): yii\web\Application->handleRequest(Object(yii\web\Request))
#3 C:\XAMPP\htdocs\NDRRMCMS\monitoring\backend\web\index.php(18): yii\base\Application->run()
#4 {main}

Next exception 'yii\web\NotFoundHttpException' with message 'Page not found.' in C:\XAMPP\htdocs\NDRRMCMS\monitoring\vendor\yiisoft\yii2\web\Application.php:99
Stack trace:
#0 C:\XAMPP\htdocs\NDRRMCMS\monitoring\vendor\yiisoft\yii2\base\Application.php(375): yii\web\Application->handleRequest(Object(yii\web\Request))
#1 C:\XAMPP\htdocs\NDRRMCMS\monitoring\backend\web\index.php(18): yii\base\Application->run()
#2 {main}
2017-03-02 13:03:59 [::1][-][-][info][application] $_GET = [
    'r' => 'site/panel'
]

$_COOKIE = [
    'advanced-backend' => 'vq45c7nhgg5s0s57l8fm03on91'
    '_backendCSRF' => '022ea6d4807f2c3bce4103495921ec0499f19e5c41a168e03a1cfe657dda9e9fa:2:{i:0;s:12:\"_backendCSRF\";i:1;s:32:\"tkYGL2Kku4tVhynLlpcT-7hvudgoYngP\";}'
    'PHPBACKSESSID' => 'rn586r39q3vi5ssfl9sgvr9ic0'
    'JSESSIONID' => '17B8D02A43DBB556F26333534058AEA0'
    'PHPSESSID' => 'micvm9adjoje3nh2spflp6bve4'
    '_identity' => 'ef05d13f9ea571e1e1cb01f18c5b0f0f6487fd19942ac9e6bb8b7978acb5be87a:2:{i:0;s:9:\"_identity\";i:1;s:46:\"[4,\"fzcvpLnh9LunUdTR8xLhxkJT8RjtAqEC\",2592000]\";}'
    '_csrf' => '1b1f6e6e4b45feb9d8e6ee3a19215a120dfafbb0c64758213fbc5b8abed11bd4a:2:{i:0;s:5:\"_csrf\";i:1;s:32:\"ab72rQZy0vslTlqI02Pt49UWy4p83Scu\";}'
    'PHPFRONTSESSID' => 'f1qj1tme6aggp57hi968r9qg14'
    '_csrf-frontend' => '18ab6fd2d40f7a4e4c690c512e6abf2c0e6ccc3b06c1787d8ba79e4f085d7351a:2:{i:0;s:14:\"_csrf-frontend\";i:1;s:32:\"h-ChSaout5gXHOizcSRFHzSmiSF02jOd\";}'
    'advanced-frontend' => '2roig894eg0rar0sftvjdlj982'
    '_frontendCSRF' => '1795f270b662b7010938bd9be4a7e0aa5f2cb79fc7230f9aac84bf9712a529c0a:2:{i:0;s:13:\"_frontendCSRF\";i:1;s:32:\"vGok9SVBtTyWuiX2YaoCT3pU5Rj2uaBv\";}'
    '_csrf-backend' => '20d9dba6df57a1f01f0c2ca28d58aa8c82fab9a65e74548a5c67de2351032bb5a:2:{i:0;s:13:\"_csrf-backend\";i:1;s:32:\"bKfV9sEY--wcU-cXOWID4qD1pvvMMgvp\";}'
    'menuIsCollapsed' => 'false'
]

$_SERVER = [
    'MIBDIRS' => 'C:/XAMPP/php/extras/mibs'
    'MYSQL_HOME' => '\\xampp\\mysql\\bin'
    'OPENSSL_CONF' => 'C:/XAMPP/apache/bin/openssl.cnf'
    'PHP_PEAR_SYSCONF_DIR' => '\\xampp\\php'
    'PHPRC' => '\\xampp\\php'
    'TMP' => '\\xampp\\tmp'
    'HTTP_HOST' => 'localhost'
    'HTTP_CONNECTION' => 'keep-alive'
    'HTTP_UPGRADE_INSECURE_REQUESTS' => '1'
    'HTTP_USER_AGENT' => 'Mozilla/5.0 (Windows NT 10.0; WOW64) AppleWebKit/537.36 (KHTML, like Gecko) Chrome/53.0.0.11780 Safari/537.36'
    'HTTP_ACCEPT' => 'text/html,application/xhtml+xml,application/xml;q=0.9,image/webp,*/*;q=0.8'
    'HTTP_REFERER' => 'http://localhost/NDRRMCMS/monitoring/backend/web/index.php?r=site%2Flogin'
    'HTTP_ACCEPT_ENCODING' => 'gzip, deflate, sdch'
    'HTTP_ACCEPT_LANGUAGE' => 'en-US,en;q=0.8'
    'HTTP_COOKIE' => 'advanced-backend=vq45c7nhgg5s0s57l8fm03on91; _backendCSRF=022ea6d4807f2c3bce4103495921ec0499f19e5c41a168e03a1cfe657dda9e9fa%3A2%3A%7Bi%3A0%3Bs%3A12%3A%22_backendCSRF%22%3Bi%3A1%3Bs%3A32%3A%22tkYGL2Kku4tVhynLlpcT-7hvudgoYngP%22%3B%7D; PHPBACKSESSID=rn586r39q3vi5ssfl9sgvr9ic0; JSESSIONID=17B8D02A43DBB556F26333534058AEA0; PHPSESSID=micvm9adjoje3nh2spflp6bve4; _identity=ef05d13f9ea571e1e1cb01f18c5b0f0f6487fd19942ac9e6bb8b7978acb5be87a%3A2%3A%7Bi%3A0%3Bs%3A9%3A%22_identity%22%3Bi%3A1%3Bs%3A46%3A%22%5B4%2C%22fzcvpLnh9LunUdTR8xLhxkJT8RjtAqEC%22%2C2592000%5D%22%3B%7D; _csrf=1b1f6e6e4b45feb9d8e6ee3a19215a120dfafbb0c64758213fbc5b8abed11bd4a%3A2%3A%7Bi%3A0%3Bs%3A5%3A%22_csrf%22%3Bi%3A1%3Bs%3A32%3A%22ab72rQZy0vslTlqI02Pt49UWy4p83Scu%22%3B%7D; PHPFRONTSESSID=f1qj1tme6aggp57hi968r9qg14; _csrf-frontend=18ab6fd2d40f7a4e4c690c512e6abf2c0e6ccc3b06c1787d8ba79e4f085d7351a%3A2%3A%7Bi%3A0%3Bs%3A14%3A%22_csrf-frontend%22%3Bi%3A1%3Bs%3A32%3A%22h-ChSaout5gXHOizcSRFHzSmiSF02jOd%22%3B%7D; advanced-frontend=2roig894eg0rar0sftvjdlj982; _frontendCSRF=1795f270b662b7010938bd9be4a7e0aa5f2cb79fc7230f9aac84bf9712a529c0a%3A2%3A%7Bi%3A0%3Bs%3A13%3A%22_frontendCSRF%22%3Bi%3A1%3Bs%3A32%3A%22vGok9SVBtTyWuiX2YaoCT3pU5Rj2uaBv%22%3B%7D; _csrf-backend=20d9dba6df57a1f01f0c2ca28d58aa8c82fab9a65e74548a5c67de2351032bb5a%3A2%3A%7Bi%3A0%3Bs%3A13%3A%22_csrf-backend%22%3Bi%3A1%3Bs%3A32%3A%22bKfV9sEY--wcU-cXOWID4qD1pvvMMgvp%22%3B%7D; menuIsCollapsed=false'
    'PATH' => 'C:\\ProgramData\\Oracle\\Java\\javapath;C:\\Program Files (x86)\\Intel\\TXE Components\\TCS\\;C:\\Program Files\\Intel\\TXE Components\\TCS\\;C:\\WINDOWS\\system32;C:\\WINDOWS;C:\\WINDOWS\\System32\\Wbem;C:\\WINDOWS\\System32\\WindowsPowerShell\\v1.0\\;C:\\Program Files\\Hewlett-Packard\\SimplePass\\;C:\\Program Files\\Java\\jdk1.8.0_20\\bin;C:\\Program Files (x86)\\Windows Kits\\8.1\\Windows Performance Toolkit\\;C:\\Program Files\\Microsoft SQL Server\\110\\Tools\\Binn\\;C:\\Program Files\\Microsoft SQL Server\\120\\Tools\\Binn\\;C:\\Program Files (x86)\\Windows Live\\Shared;C:\\WINDOWS\\system32\\config\\systemprofile\\.dnx\\bin;C:\\Program Files\\Microsoft DNX\\Dnvm\\;C:\\Program Files (x86)\\Skype\\Phone\\;c:\\Program Files (x86)\\Microsoft SQL Server\\100\\Tools\\Binn\\;c:\\Program Files\\Microsoft SQL Server\\100\\Tools\\Binn\\;c:\\Program Files\\Microsoft SQL Server\\100\\DTS\\Binn\\;C:\\Program Files\\Git\\cmd;C:\\xampp\\php;C:\\XAMPP\\htdocs\\advanced;C:\\ProgramData\\ComposerSetup\\bin;C:\\Program Files\\TortoiseGit\\bin;C:\\Users\\HP Pavilion 11\\AppData\\Roaming\\Cloud Foundry;C:\\Program Files\\DataStax-DDC\\python;C:\\Users\\HP Pavilion 11\\AppData\\Local\\Microsoft\\WindowsApps;C:\\Users\\HP Pavilion 11\\AppData\\Roaming\\Composer\\vendor\\bin'
    'SystemRoot' => 'C:\\WINDOWS'
    'COMSPEC' => 'C:\\WINDOWS\\system32\\cmd.exe'
    'PATHEXT' => '.COM;.EXE;.BAT;.CMD;.VBS;.VBE;.JS;.JSE;.WSF;.WSH;.MSC'
    'WINDIR' => 'C:\\WINDOWS'
    'SERVER_SIGNATURE' => '<address>Apache/2.4.17 (Win32) OpenSSL/1.0.2d PHP/5.6.14 Server at localhost Port 80</address>
'
    'SERVER_SOFTWARE' => 'Apache/2.4.17 (Win32) OpenSSL/1.0.2d PHP/5.6.14'
    'SERVER_NAME' => 'localhost'
    'SERVER_ADDR' => '::1'
    'SERVER_PORT' => '80'
    'REMOTE_ADDR' => '::1'
    'DOCUMENT_ROOT' => 'C:/XAMPP/htdocs'
    'REQUEST_SCHEME' => 'http'
    'CONTEXT_PREFIX' => ''
    'CONTEXT_DOCUMENT_ROOT' => 'C:/XAMPP/htdocs'
    'SERVER_ADMIN' => 'postmaster@localhost'
    'SCRIPT_FILENAME' => 'C:/XAMPP/htdocs/NDRRMCMS/monitoring/backend/web/index.php'
    'REMOTE_PORT' => '63024'
    'GATEWAY_INTERFACE' => 'CGI/1.1'
    'SERVER_PROTOCOL' => 'HTTP/1.1'
    'REQUEST_METHOD' => 'GET'
    'QUERY_STRING' => 'r=site%2Fpanel'
    'REQUEST_URI' => '/NDRRMCMS/monitoring/backend/web/index.php?r=site%2Fpanel'
    'SCRIPT_NAME' => '/NDRRMCMS/monitoring/backend/web/index.php'
    'PHP_SELF' => '/NDRRMCMS/monitoring/backend/web/index.php'
    'REQUEST_TIME_FLOAT' => 1488456239.045
    'REQUEST_TIME' => 1488456239
]
2017-03-02 13:04:18 [::1][-][-][error][yii\web\HttpException:404] exception 'yii\base\InvalidRouteException' with message 'Unable to resolve the request: site/panel' in C:\XAMPP\htdocs\NDRRMCMS\monitoring\vendor\yiisoft\yii2\base\Controller.php:125
Stack trace:
#0 C:\XAMPP\htdocs\NDRRMCMS\monitoring\vendor\yiisoft\yii2\base\Module.php(454): yii\base\Controller->runAction('panel', Array)
#1 C:\XAMPP\htdocs\NDRRMCMS\monitoring\vendor\yiisoft\yii2\web\Application.php(87): yii\base\Module->runAction('site/panel', Array)
#2 C:\XAMPP\htdocs\NDRRMCMS\monitoring\vendor\yiisoft\yii2\base\Application.php(375): yii\web\Application->handleRequest(Object(yii\web\Request))
#3 C:\XAMPP\htdocs\NDRRMCMS\monitoring\backend\web\index.php(18): yii\base\Application->run()
#4 {main}

Next exception 'yii\web\NotFoundHttpException' with message 'Page not found.' in C:\XAMPP\htdocs\NDRRMCMS\monitoring\vendor\yiisoft\yii2\web\Application.php:99
Stack trace:
#0 C:\XAMPP\htdocs\NDRRMCMS\monitoring\vendor\yiisoft\yii2\base\Application.php(375): yii\web\Application->handleRequest(Object(yii\web\Request))
#1 C:\XAMPP\htdocs\NDRRMCMS\monitoring\backend\web\index.php(18): yii\base\Application->run()
#2 {main}
2017-03-02 13:04:18 [::1][-][-][info][application] $_GET = [
    'r' => 'site/panel'
]

$_COOKIE = [
    'advanced-backend' => 'vq45c7nhgg5s0s57l8fm03on91'
    '_backendCSRF' => '022ea6d4807f2c3bce4103495921ec0499f19e5c41a168e03a1cfe657dda9e9fa:2:{i:0;s:12:\"_backendCSRF\";i:1;s:32:\"tkYGL2Kku4tVhynLlpcT-7hvudgoYngP\";}'
    'PHPBACKSESSID' => 'rn586r39q3vi5ssfl9sgvr9ic0'
    'JSESSIONID' => '17B8D02A43DBB556F26333534058AEA0'
    'PHPSESSID' => 'micvm9adjoje3nh2spflp6bve4'
    '_identity' => 'ef05d13f9ea571e1e1cb01f18c5b0f0f6487fd19942ac9e6bb8b7978acb5be87a:2:{i:0;s:9:\"_identity\";i:1;s:46:\"[4,\"fzcvpLnh9LunUdTR8xLhxkJT8RjtAqEC\",2592000]\";}'
    '_csrf' => '1b1f6e6e4b45feb9d8e6ee3a19215a120dfafbb0c64758213fbc5b8abed11bd4a:2:{i:0;s:5:\"_csrf\";i:1;s:32:\"ab72rQZy0vslTlqI02Pt49UWy4p83Scu\";}'
    'PHPFRONTSESSID' => 'f1qj1tme6aggp57hi968r9qg14'
    '_csrf-frontend' => '18ab6fd2d40f7a4e4c690c512e6abf2c0e6ccc3b06c1787d8ba79e4f085d7351a:2:{i:0;s:14:\"_csrf-frontend\";i:1;s:32:\"h-ChSaout5gXHOizcSRFHzSmiSF02jOd\";}'
    'advanced-frontend' => '2roig894eg0rar0sftvjdlj982'
    '_frontendCSRF' => '1795f270b662b7010938bd9be4a7e0aa5f2cb79fc7230f9aac84bf9712a529c0a:2:{i:0;s:13:\"_frontendCSRF\";i:1;s:32:\"vGok9SVBtTyWuiX2YaoCT3pU5Rj2uaBv\";}'
    '_csrf-backend' => '20d9dba6df57a1f01f0c2ca28d58aa8c82fab9a65e74548a5c67de2351032bb5a:2:{i:0;s:13:\"_csrf-backend\";i:1;s:32:\"bKfV9sEY--wcU-cXOWID4qD1pvvMMgvp\";}'
    'menuIsCollapsed' => 'false'
]

$_SERVER = [
    'MIBDIRS' => 'C:/XAMPP/php/extras/mibs'
    'MYSQL_HOME' => '\\xampp\\mysql\\bin'
    'OPENSSL_CONF' => 'C:/XAMPP/apache/bin/openssl.cnf'
    'PHP_PEAR_SYSCONF_DIR' => '\\xampp\\php'
    'PHPRC' => '\\xampp\\php'
    'TMP' => '\\xampp\\tmp'
    'HTTP_HOST' => 'localhost'
    'HTTP_CONNECTION' => 'keep-alive'
    'HTTP_CACHE_CONTROL' => 'max-age=0'
    'HTTP_UPGRADE_INSECURE_REQUESTS' => '1'
    'HTTP_USER_AGENT' => 'Mozilla/5.0 (Windows NT 10.0; WOW64) AppleWebKit/537.36 (KHTML, like Gecko) Chrome/53.0.0.11780 Safari/537.36'
    'HTTP_ACCEPT' => 'text/html,application/xhtml+xml,application/xml;q=0.9,image/webp,*/*;q=0.8'
    'HTTP_ACCEPT_ENCODING' => 'gzip, deflate, sdch'
    'HTTP_ACCEPT_LANGUAGE' => 'en-US,en;q=0.8'
    'HTTP_COOKIE' => 'advanced-backend=vq45c7nhgg5s0s57l8fm03on91; _backendCSRF=022ea6d4807f2c3bce4103495921ec0499f19e5c41a168e03a1cfe657dda9e9fa%3A2%3A%7Bi%3A0%3Bs%3A12%3A%22_backendCSRF%22%3Bi%3A1%3Bs%3A32%3A%22tkYGL2Kku4tVhynLlpcT-7hvudgoYngP%22%3B%7D; PHPBACKSESSID=rn586r39q3vi5ssfl9sgvr9ic0; JSESSIONID=17B8D02A43DBB556F26333534058AEA0; PHPSESSID=micvm9adjoje3nh2spflp6bve4; _identity=ef05d13f9ea571e1e1cb01f18c5b0f0f6487fd19942ac9e6bb8b7978acb5be87a%3A2%3A%7Bi%3A0%3Bs%3A9%3A%22_identity%22%3Bi%3A1%3Bs%3A46%3A%22%5B4%2C%22fzcvpLnh9LunUdTR8xLhxkJT8RjtAqEC%22%2C2592000%5D%22%3B%7D; _csrf=1b1f6e6e4b45feb9d8e6ee3a19215a120dfafbb0c64758213fbc5b8abed11bd4a%3A2%3A%7Bi%3A0%3Bs%3A5%3A%22_csrf%22%3Bi%3A1%3Bs%3A32%3A%22ab72rQZy0vslTlqI02Pt49UWy4p83Scu%22%3B%7D; PHPFRONTSESSID=f1qj1tme6aggp57hi968r9qg14; _csrf-frontend=18ab6fd2d40f7a4e4c690c512e6abf2c0e6ccc3b06c1787d8ba79e4f085d7351a%3A2%3A%7Bi%3A0%3Bs%3A14%3A%22_csrf-frontend%22%3Bi%3A1%3Bs%3A32%3A%22h-ChSaout5gXHOizcSRFHzSmiSF02jOd%22%3B%7D; advanced-frontend=2roig894eg0rar0sftvjdlj982; _frontendCSRF=1795f270b662b7010938bd9be4a7e0aa5f2cb79fc7230f9aac84bf9712a529c0a%3A2%3A%7Bi%3A0%3Bs%3A13%3A%22_frontendCSRF%22%3Bi%3A1%3Bs%3A32%3A%22vGok9SVBtTyWuiX2YaoCT3pU5Rj2uaBv%22%3B%7D; _csrf-backend=20d9dba6df57a1f01f0c2ca28d58aa8c82fab9a65e74548a5c67de2351032bb5a%3A2%3A%7Bi%3A0%3Bs%3A13%3A%22_csrf-backend%22%3Bi%3A1%3Bs%3A32%3A%22bKfV9sEY--wcU-cXOWID4qD1pvvMMgvp%22%3B%7D; menuIsCollapsed=false'
    'PATH' => 'C:\\ProgramData\\Oracle\\Java\\javapath;C:\\Program Files (x86)\\Intel\\TXE Components\\TCS\\;C:\\Program Files\\Intel\\TXE Components\\TCS\\;C:\\WINDOWS\\system32;C:\\WINDOWS;C:\\WINDOWS\\System32\\Wbem;C:\\WINDOWS\\System32\\WindowsPowerShell\\v1.0\\;C:\\Program Files\\Hewlett-Packard\\SimplePass\\;C:\\Program Files\\Java\\jdk1.8.0_20\\bin;C:\\Program Files (x86)\\Windows Kits\\8.1\\Windows Performance Toolkit\\;C:\\Program Files\\Microsoft SQL Server\\110\\Tools\\Binn\\;C:\\Program Files\\Microsoft SQL Server\\120\\Tools\\Binn\\;C:\\Program Files (x86)\\Windows Live\\Shared;C:\\WINDOWS\\system32\\config\\systemprofile\\.dnx\\bin;C:\\Program Files\\Microsoft DNX\\Dnvm\\;C:\\Program Files (x86)\\Skype\\Phone\\;c:\\Program Files (x86)\\Microsoft SQL Server\\100\\Tools\\Binn\\;c:\\Program Files\\Microsoft SQL Server\\100\\Tools\\Binn\\;c:\\Program Files\\Microsoft SQL Server\\100\\DTS\\Binn\\;C:\\Program Files\\Git\\cmd;C:\\xampp\\php;C:\\XAMPP\\htdocs\\advanced;C:\\ProgramData\\ComposerSetup\\bin;C:\\Program Files\\TortoiseGit\\bin;C:\\Users\\HP Pavilion 11\\AppData\\Roaming\\Cloud Foundry;C:\\Program Files\\DataStax-DDC\\python;C:\\Users\\HP Pavilion 11\\AppData\\Local\\Microsoft\\WindowsApps;C:\\Users\\HP Pavilion 11\\AppData\\Roaming\\Composer\\vendor\\bin'
    'SystemRoot' => 'C:\\WINDOWS'
    'COMSPEC' => 'C:\\WINDOWS\\system32\\cmd.exe'
    'PATHEXT' => '.COM;.EXE;.BAT;.CMD;.VBS;.VBE;.JS;.JSE;.WSF;.WSH;.MSC'
    'WINDIR' => 'C:\\WINDOWS'
    'SERVER_SIGNATURE' => '<address>Apache/2.4.17 (Win32) OpenSSL/1.0.2d PHP/5.6.14 Server at localhost Port 80</address>
'
    'SERVER_SOFTWARE' => 'Apache/2.4.17 (Win32) OpenSSL/1.0.2d PHP/5.6.14'
    'SERVER_NAME' => 'localhost'
    'SERVER_ADDR' => '::1'
    'SERVER_PORT' => '80'
    'REMOTE_ADDR' => '::1'
    'DOCUMENT_ROOT' => 'C:/XAMPP/htdocs'
    'REQUEST_SCHEME' => 'http'
    'CONTEXT_PREFIX' => ''
    'CONTEXT_DOCUMENT_ROOT' => 'C:/XAMPP/htdocs'
    'SERVER_ADMIN' => 'postmaster@localhost'
    'SCRIPT_FILENAME' => 'C:/XAMPP/htdocs/NDRRMCMS/monitoring/backend/web/index.php'
    'REMOTE_PORT' => '63055'
    'GATEWAY_INTERFACE' => 'CGI/1.1'
    'SERVER_PROTOCOL' => 'HTTP/1.1'
    'REQUEST_METHOD' => 'GET'
    'QUERY_STRING' => 'r=site%2Fpanel'
    'REQUEST_URI' => '/NDRRMCMS/monitoring/backend/web/index.php?r=site%2Fpanel'
    'SCRIPT_NAME' => '/NDRRMCMS/monitoring/backend/web/index.php'
    'PHP_SELF' => '/NDRRMCMS/monitoring/backend/web/index.php'
    'REQUEST_TIME_FLOAT' => 1488456258.411
    'REQUEST_TIME' => 1488456258
]
2017-03-02 13:05:59 [::1][-][vq45c7nhgg5s0s57l8fm03on91][error][yii\db\Exception] exception 'PDOException' with message 'SQLSTATE[HY000] [1049] Unknown database 'monitoring'' in C:\XAMPP\htdocs\NDRRMCMS\monitoring\vendor\yiisoft\yii2\db\Connection.php:603
Stack trace:
#0 C:\XAMPP\htdocs\NDRRMCMS\monitoring\vendor\yiisoft\yii2\db\Connection.php(603): PDO->__construct('mysql:host=loca...', 'root', '', NULL)
#1 C:\XAMPP\htdocs\NDRRMCMS\monitoring\vendor\yiisoft\yii2\db\Connection.php(545): yii\db\Connection->createPdoInstance()
#2 C:\XAMPP\htdocs\NDRRMCMS\monitoring\vendor\yiisoft\yii2\db\Connection.php(864): yii\db\Connection->open()
#3 C:\XAMPP\htdocs\NDRRMCMS\monitoring\vendor\yiisoft\yii2\db\Connection.php(851): yii\db\Connection->getMasterPdo()
#4 C:\XAMPP\htdocs\NDRRMCMS\monitoring\vendor\yiisoft\yii2\db\Schema.php(480): yii\db\Connection->getSlavePdo()
#5 C:\XAMPP\htdocs\NDRRMCMS\monitoring\vendor\yiisoft\yii2\db\Connection.php(760): yii\db\Schema->quoteValue('<span class="st...')
#6 C:\XAMPP\htdocs\NDRRMCMS\monitoring\vendor\yiisoft\yii2\db\Command.php(175): yii\db\Connection->quoteValue('<span class="st...')
#7 C:\XAMPP\htdocs\NDRRMCMS\monitoring\vendor\yiisoft\yii2\db\Command.php(869): yii\db\Command->getRawSql()
#8 C:\XAMPP\htdocs\NDRRMCMS\monitoring\vendor\yiisoft\yii2\db\Command.php(376): yii\db\Command->queryInternal('<span class="st...', '<span class="ke...')
#9 C:\XAMPP\htdocs\NDRRMCMS\monitoring\vendor\yiisoft\yii2\db\Query.php(247): yii\db\Command->queryOne()
#10 C:\XAMPP\htdocs\NDRRMCMS\monitoring\vendor\yiisoft\yii2\db\ActiveQuery.php(295): yii\db\Query->one('<span class="ke...')
#11 C:\XAMPP\htdocs\NDRRMCMS\monitoring\vendor\yiisoft\yii2\db\BaseActiveRecord.php(107): yii\db\ActiveQuery->one()
#12 C:\XAMPP\htdocs\NDRRMCMS\monitoring\common\models\User.php(83): yii\db\BaseActiveRecord::findOne('[<span class="s...')
#13 C:\XAMPP\htdocs\NDRRMCMS\monitoring\common\models\LoginForm.php(73): common\models\User::findByUsername('<span class="st...')
#14 C:\XAMPP\htdocs\NDRRMCMS\monitoring\common\models\LoginForm.php(44): common\models\LoginForm->getUser()
#15 [internal function]: common\models\LoginForm->validatePassword('<span class="st...', '<span class="ke...')
#16 C:\XAMPP\htdocs\NDRRMCMS\monitoring\vendor\yiisoft\yii2\validators\InlineValidator.php(69): call_user_func('[<span class="t...', '<span class="st...', '<span class="ke...')
#17 C:\XAMPP\htdocs\NDRRMCMS\monitoring\vendor\yiisoft\yii2\validators\Validator.php(252): yii\validators\InlineValidator->validateAttribute(Object(common\models\LoginForm), '<span class="st...')
#18 C:\XAMPP\htdocs\NDRRMCMS\monitoring\vendor\yiisoft\yii2\base\Model.php(356): yii\validators\Validator->validateAttributes(Object(common\models\LoginForm), '[<span class="s...')
#19 C:\XAMPP\htdocs\NDRRMCMS\monitoring\common\models\LoginForm.php(58): yii\base\Model->validate()
#20 C:\XAMPP\htdocs\NDRRMCMS\monitoring\backend\controllers\SiteController.php(78): common\models\LoginForm->login()
#21 [internal function]: backend\controllers\SiteController->actionLogin()
#22 C:\XAMPP\htdocs\NDRRMCMS\monitoring\vendor\yiisoft\yii2\base\InlineAction.php(55): call_user_func_array('[<span class="t...', '[]')
#23 C:\XAMPP\htdocs\NDRRMCMS\monitoring\vendor\yiisoft\yii2\base\Controller.php(154): yii\base\InlineAction->runWithParams('[<span class="s...')
#24 C:\XAMPP\htdocs\NDRRMCMS\monitoring\vendor\yiisoft\yii2\base\Module.php(454): yii\base\Controller->runAction('<span class="st...', '[<span class="s...')
#25 C:\XAMPP\htdocs\NDRRMCMS\monitoring\vendor\yiisoft\yii2\web\Application.php(87): yii\base\Module->runAction('<span class="st...', '[<span class="s...')
#26 C:\XAMPP\htdocs\NDRRMCMS\monitoring\vendor\yiisoft\yii2\base\Application.php(375): yii\web\Application->handleRequest(Object(yii\web\Request))
#27 C:\XAMPP\htdocs\NDRRMCMS\monitoring\backend\web\index.php(18): yii\base\Application->run()
#28 {main}

Next exception 'yii\db\Exception' with message 'SQLSTATE[HY000] [1049] Unknown database 'monitoring'' in C:\XAMPP\htdocs\NDRRMCMS\monitoring\vendor\yiisoft\yii2\db\Connection.php:550
Stack trace:
#0 C:\XAMPP\htdocs\NDRRMCMS\monitoring\vendor\yiisoft\yii2\db\Connection.php(864): yii\db\Connection->open()
#1 C:\XAMPP\htdocs\NDRRMCMS\monitoring\vendor\yiisoft\yii2\db\Connection.php(851): yii\db\Connection->getMasterPdo()
#2 C:\XAMPP\htdocs\NDRRMCMS\monitoring\vendor\yiisoft\yii2\db\Schema.php(480): yii\db\Connection->getSlavePdo()
#3 C:\XAMPP\htdocs\NDRRMCMS\monitoring\vendor\yiisoft\yii2\db\Connection.php(760): yii\db\Schema->quoteValue('<span class="st...')
#4 C:\XAMPP\htdocs\NDRRMCMS\monitoring\vendor\yiisoft\yii2\db\Command.php(175): yii\db\Connection->quoteValue('<span class="st...')
#5 C:\XAMPP\htdocs\NDRRMCMS\monitoring\vendor\yiisoft\yii2\db\Command.php(869): yii\db\Command->getRawSql()
#6 C:\XAMPP\htdocs\NDRRMCMS\monitoring\vendor\yiisoft\yii2\db\Command.php(376): yii\db\Command->queryInternal('<span class="st...', '<span class="ke...')
#7 C:\XAMPP\htdocs\NDRRMCMS\monitoring\vendor\yiisoft\yii2\db\Query.php(247): yii\db\Command->queryOne()
#8 C:\XAMPP\htdocs\NDRRMCMS\monitoring\vendor\yiisoft\yii2\db\ActiveQuery.php(295): yii\db\Query->one('<span class="ke...')
#9 C:\XAMPP\htdocs\NDRRMCMS\monitoring\vendor\yiisoft\yii2\db\BaseActiveRecord.php(107): yii\db\ActiveQuery->one()
#10 C:\XAMPP\htdocs\NDRRMCMS\monitoring\common\models\User.php(83): yii\db\BaseActiveRecord::findOne('[<span class="s...')
#11 C:\XAMPP\htdocs\NDRRMCMS\monitoring\common\models\LoginForm.php(73): common\models\User::findByUsername('<span class="st...')
#12 C:\XAMPP\htdocs\NDRRMCMS\monitoring\common\models\LoginForm.php(44): common\models\LoginForm->getUser()
#13 [internal function]: common\models\LoginForm->validatePassword('<span class="st...', '<span class="ke...')
#14 C:\XAMPP\htdocs\NDRRMCMS\monitoring\vendor\yiisoft\yii2\validators\InlineValidator.php(69): call_user_func('[<span class="t...', '<span class="st...', '<span class="ke...')
#15 C:\XAMPP\htdocs\NDRRMCMS\monitoring\vendor\yiisoft\yii2\validators\Validator.php(252): yii\validators\InlineValidator->validateAttribute(Object(common\models\LoginForm), '<span class="st...')
#16 C:\XAMPP\htdocs\NDRRMCMS\monitoring\vendor\yiisoft\yii2\base\Model.php(356): yii\validators\Validator->validateAttributes(Object(common\models\LoginForm), '[<span class="s...')
#17 C:\XAMPP\htdocs\NDRRMCMS\monitoring\common\models\LoginForm.php(58): yii\base\Model->validate()
#18 C:\XAMPP\htdocs\NDRRMCMS\monitoring\backend\controllers\SiteController.php(78): common\models\LoginForm->login()
#19 [internal function]: backend\controllers\SiteController->actionLogin()
#20 C:\XAMPP\htdocs\NDRRMCMS\monitoring\vendor\yiisoft\yii2\base\InlineAction.php(55): call_user_func_array('[<span class="t...', '[]')
#21 C:\XAMPP\htdocs\NDRRMCMS\monitoring\vendor\yiisoft\yii2\base\Controller.php(154): yii\base\InlineAction->runWithParams('[<span class="s...')
#22 C:\XAMPP\htdocs\NDRRMCMS\monitoring\vendor\yiisoft\yii2\base\Module.php(454): yii\base\Controller->runAction('<span class="st...', '[<span class="s...')
#23 C:\XAMPP\htdocs\NDRRMCMS\monitoring\vendor\yiisoft\yii2\web\Application.php(87): yii\base\Module->runAction('<span class="st...', '[<span class="s...')
#24 C:\XAMPP\htdocs\NDRRMCMS\monitoring\vendor\yiisoft\yii2\base\Application.php(375): yii\web\Application->handleRequest(Object(yii\web\Request))
#25 C:\XAMPP\htdocs\NDRRMCMS\monitoring\backend\web\index.php(18): yii\base\Application->run()
#26 {main}
Additional Information:

2017-03-02 13:05:58 [::1][-][vq45c7nhgg5s0s57l8fm03on91][info][application] $_GET = [
    'r' => 'site/login'
]

$_POST = [
    '_csrf-backend' => 'eG1NUTNoT28aJisHChsKNlVAOjJmRSw3NzoEFQcZC14IGzscfg85Hw=='
    'LoginForm' => [
        'username' => 'fghaboc'
        'password' => 'password'
        'rememberMe' => '1'
    ]
    'login-button' => ''
]

$_COOKIE = [
    'advanced-backend' => 'vq45c7nhgg5s0s57l8fm03on91'
    '_backendCSRF' => '022ea6d4807f2c3bce4103495921ec0499f19e5c41a168e03a1cfe657dda9e9fa:2:{i:0;s:12:\"_backendCSRF\";i:1;s:32:\"tkYGL2Kku4tVhynLlpcT-7hvudgoYngP\";}'
    'PHPBACKSESSID' => 'rn586r39q3vi5ssfl9sgvr9ic0'
    'JSESSIONID' => '17B8D02A43DBB556F26333534058AEA0'
    'PHPSESSID' => 'micvm9adjoje3nh2spflp6bve4'
    '_identity' => 'ef05d13f9ea571e1e1cb01f18c5b0f0f6487fd19942ac9e6bb8b7978acb5be87a:2:{i:0;s:9:\"_identity\";i:1;s:46:\"[4,\"fzcvpLnh9LunUdTR8xLhxkJT8RjtAqEC\",2592000]\";}'
    '_csrf' => '1b1f6e6e4b45feb9d8e6ee3a19215a120dfafbb0c64758213fbc5b8abed11bd4a:2:{i:0;s:5:\"_csrf\";i:1;s:32:\"ab72rQZy0vslTlqI02Pt49UWy4p83Scu\";}'
    'PHPFRONTSESSID' => 'f1qj1tme6aggp57hi968r9qg14'
    '_csrf-frontend' => '18ab6fd2d40f7a4e4c690c512e6abf2c0e6ccc3b06c1787d8ba79e4f085d7351a:2:{i:0;s:14:\"_csrf-frontend\";i:1;s:32:\"h-ChSaout5gXHOizcSRFHzSmiSF02jOd\";}'
    'advanced-frontend' => '2roig894eg0rar0sftvjdlj982'
    '_frontendCSRF' => '1795f270b662b7010938bd9be4a7e0aa5f2cb79fc7230f9aac84bf9712a529c0a:2:{i:0;s:13:\"_frontendCSRF\";i:1;s:32:\"vGok9SVBtTyWuiX2YaoCT3pU5Rj2uaBv\";}'
    '_csrf-backend' => '20d9dba6df57a1f01f0c2ca28d58aa8c82fab9a65e74548a5c67de2351032bb5a:2:{i:0;s:13:\"_csrf-backend\";i:1;s:32:\"bKfV9sEY--wcU-cXOWID4qD1pvvMMgvp\";}'
    'menuIsCollapsed' => 'false'
]

$_SESSION = [
    '__flash' => []
    '__returnUrl' => '/NDRRMCMS/monitoring/backend/web/index.php?r=site%2Findex'
]

$_SERVER = [
    'MIBDIRS' => 'C:/XAMPP/php/extras/mibs'
    'MYSQL_HOME' => '\\xampp\\mysql\\bin'
    'OPENSSL_CONF' => 'C:/XAMPP/apache/bin/openssl.cnf'
    'PHP_PEAR_SYSCONF_DIR' => '\\xampp\\php'
    'PHPRC' => '\\xampp\\php'
    'TMP' => '\\xampp\\tmp'
    'HTTP_HOST' => 'localhost'
    'HTTP_CONNECTION' => 'keep-alive'
    'CONTENT_LENGTH' => '209'
    'HTTP_CACHE_CONTROL' => 'max-age=0'
    'HTTP_ORIGIN' => 'http://localhost'
    'HTTP_UPGRADE_INSECURE_REQUESTS' => '1'
    'HTTP_USER_AGENT' => 'Mozilla/5.0 (Windows NT 10.0; WOW64) AppleWebKit/537.36 (KHTML, like Gecko) Chrome/53.0.0.11780 Safari/537.36'
    'CONTENT_TYPE' => 'application/x-www-form-urlencoded'
    'HTTP_ACCEPT' => 'text/html,application/xhtml+xml,application/xml;q=0.9,image/webp,*/*;q=0.8'
    'HTTP_REFERER' => 'http://localhost/NDRRMCMS/monitoring/backend/web/index.php?r=site%2Flogin'
    'HTTP_ACCEPT_ENCODING' => 'gzip, deflate'
    'HTTP_ACCEPT_LANGUAGE' => 'en-US,en;q=0.8'
    'HTTP_COOKIE' => 'advanced-backend=vq45c7nhgg5s0s57l8fm03on91; _backendCSRF=022ea6d4807f2c3bce4103495921ec0499f19e5c41a168e03a1cfe657dda9e9fa%3A2%3A%7Bi%3A0%3Bs%3A12%3A%22_backendCSRF%22%3Bi%3A1%3Bs%3A32%3A%22tkYGL2Kku4tVhynLlpcT-7hvudgoYngP%22%3B%7D; PHPBACKSESSID=rn586r39q3vi5ssfl9sgvr9ic0; JSESSIONID=17B8D02A43DBB556F26333534058AEA0; PHPSESSID=micvm9adjoje3nh2spflp6bve4; _identity=ef05d13f9ea571e1e1cb01f18c5b0f0f6487fd19942ac9e6bb8b7978acb5be87a%3A2%3A%7Bi%3A0%3Bs%3A9%3A%22_identity%22%3Bi%3A1%3Bs%3A46%3A%22%5B4%2C%22fzcvpLnh9LunUdTR8xLhxkJT8RjtAqEC%22%2C2592000%5D%22%3B%7D; _csrf=1b1f6e6e4b45feb9d8e6ee3a19215a120dfafbb0c64758213fbc5b8abed11bd4a%3A2%3A%7Bi%3A0%3Bs%3A5%3A%22_csrf%22%3Bi%3A1%3Bs%3A32%3A%22ab72rQZy0vslTlqI02Pt49UWy4p83Scu%22%3B%7D; PHPFRONTSESSID=f1qj1tme6aggp57hi968r9qg14; _csrf-frontend=18ab6fd2d40f7a4e4c690c512e6abf2c0e6ccc3b06c1787d8ba79e4f085d7351a%3A2%3A%7Bi%3A0%3Bs%3A14%3A%22_csrf-frontend%22%3Bi%3A1%3Bs%3A32%3A%22h-ChSaout5gXHOizcSRFHzSmiSF02jOd%22%3B%7D; advanced-frontend=2roig894eg0rar0sftvjdlj982; _frontendCSRF=1795f270b662b7010938bd9be4a7e0aa5f2cb79fc7230f9aac84bf9712a529c0a%3A2%3A%7Bi%3A0%3Bs%3A13%3A%22_frontendCSRF%22%3Bi%3A1%3Bs%3A32%3A%22vGok9SVBtTyWuiX2YaoCT3pU5Rj2uaBv%22%3B%7D; _csrf-backend=20d9dba6df57a1f01f0c2ca28d58aa8c82fab9a65e74548a5c67de2351032bb5a%3A2%3A%7Bi%3A0%3Bs%3A13%3A%22_csrf-backend%22%3Bi%3A1%3Bs%3A32%3A%22bKfV9sEY--wcU-cXOWID4qD1pvvMMgvp%22%3B%7D; menuIsCollapsed=false'
    'PATH' => 'C:\\ProgramData\\Oracle\\Java\\javapath;C:\\Program Files (x86)\\Intel\\TXE Components\\TCS\\;C:\\Program Files\\Intel\\TXE Components\\TCS\\;C:\\WINDOWS\\system32;C:\\WINDOWS;C:\\WINDOWS\\System32\\Wbem;C:\\WINDOWS\\System32\\WindowsPowerShell\\v1.0\\;C:\\Program Files\\Hewlett-Packard\\SimplePass\\;C:\\Program Files\\Java\\jdk1.8.0_20\\bin;C:\\Program Files (x86)\\Windows Kits\\8.1\\Windows Performance Toolkit\\;C:\\Program Files\\Microsoft SQL Server\\110\\Tools\\Binn\\;C:\\Program Files\\Microsoft SQL Server\\120\\Tools\\Binn\\;C:\\Program Files (x86)\\Windows Live\\Shared;C:\\WINDOWS\\system32\\config\\systemprofile\\.dnx\\bin;C:\\Program Files\\Microsoft DNX\\Dnvm\\;C:\\Program Files (x86)\\Skype\\Phone\\;c:\\Program Files (x86)\\Microsoft SQL Server\\100\\Tools\\Binn\\;c:\\Program Files\\Microsoft SQL Server\\100\\Tools\\Binn\\;c:\\Program Files\\Microsoft SQL Server\\100\\DTS\\Binn\\;C:\\Program Files\\Git\\cmd;C:\\xampp\\php;C:\\XAMPP\\htdocs\\advanced;C:\\ProgramData\\ComposerSetup\\bin;C:\\Program Files\\TortoiseGit\\bin;C:\\Users\\HP Pavilion 11\\AppData\\Roaming\\Cloud Foundry;C:\\Program Files\\DataStax-DDC\\python;C:\\Users\\HP Pavilion 11\\AppData\\Local\\Microsoft\\WindowsApps;C:\\Users\\HP Pavilion 11\\AppData\\Roaming\\Composer\\vendor\\bin'
    'SystemRoot' => 'C:\\WINDOWS'
    'COMSPEC' => 'C:\\WINDOWS\\system32\\cmd.exe'
    'PATHEXT' => '.COM;.EXE;.BAT;.CMD;.VBS;.VBE;.JS;.JSE;.WSF;.WSH;.MSC'
    'WINDIR' => 'C:\\WINDOWS'
    'SERVER_SIGNATURE' => '<address>Apache/2.4.17 (Win32) OpenSSL/1.0.2d PHP/5.6.14 Server at localhost Port 80</address>
'
    'SERVER_SOFTWARE' => 'Apache/2.4.17 (Win32) OpenSSL/1.0.2d PHP/5.6.14'
    'SERVER_NAME' => 'localhost'
    'SERVER_ADDR' => '::1'
    'SERVER_PORT' => '80'
    'REMOTE_ADDR' => '::1'
    'DOCUMENT_ROOT' => 'C:/XAMPP/htdocs'
    'REQUEST_SCHEME' => 'http'
    'CONTEXT_PREFIX' => ''
    'CONTEXT_DOCUMENT_ROOT' => 'C:/XAMPP/htdocs'
    'SERVER_ADMIN' => 'postmaster@localhost'
    'SCRIPT_FILENAME' => 'C:/XAMPP/htdocs/NDRRMCMS/monitoring/backend/web/index.php'
    'REMOTE_PORT' => '63123'
    'GATEWAY_INTERFACE' => 'CGI/1.1'
    'SERVER_PROTOCOL' => 'HTTP/1.1'
    'REQUEST_METHOD' => 'POST'
    'QUERY_STRING' => 'r=site%2Flogin'
    'REQUEST_URI' => '/NDRRMCMS/monitoring/backend/web/index.php?r=site%2Flogin'
    'SCRIPT_NAME' => '/NDRRMCMS/monitoring/backend/web/index.php'
    'PHP_SELF' => '/NDRRMCMS/monitoring/backend/web/index.php'
    'REQUEST_TIME_FLOAT' => 1488456358.79
    'REQUEST_TIME' => 1488456358
]
2017-03-03 05:21:03 [::1][-][-][error][yii\web\HttpException:404] exception 'yii\base\InvalidRouteException' with message 'Unable to resolve the request: site/error-page' in C:\Users\HP Pavilion 11\Desktop\SOFTDEV-Monitoring-System\GUI\monitoring\vendor\yiisoft\yii2\base\Controller.php:125
Stack trace:
#0 C:\Users\HP Pavilion 11\Desktop\SOFTDEV-Monitoring-System\GUI\monitoring\vendor\yiisoft\yii2\base\Module.php(454): yii\base\Controller->runAction('error-page', Array)
#1 C:\Users\HP Pavilion 11\Desktop\SOFTDEV-Monitoring-System\GUI\monitoring\vendor\yiisoft\yii2\web\Application.php(87): yii\base\Module->runAction('site/error-page', Array)
#2 C:\Users\HP Pavilion 11\Desktop\SOFTDEV-Monitoring-System\GUI\monitoring\vendor\yiisoft\yii2\base\Application.php(375): yii\web\Application->handleRequest(Object(yii\web\Request))
#3 C:\Users\HP Pavilion 11\Desktop\SOFTDEV-Monitoring-System\GUI\monitoring\backend\web\index.php(18): yii\base\Application->run()
#4 {main}

Next exception 'yii\web\NotFoundHttpException' with message 'Page not found.' in C:\Users\HP Pavilion 11\Desktop\SOFTDEV-Monitoring-System\GUI\monitoring\vendor\yiisoft\yii2\web\Application.php:99
Stack trace:
#0 C:\Users\HP Pavilion 11\Desktop\SOFTDEV-Monitoring-System\GUI\monitoring\vendor\yiisoft\yii2\base\Application.php(375): yii\web\Application->handleRequest(Object(yii\web\Request))
#1 C:\Users\HP Pavilion 11\Desktop\SOFTDEV-Monitoring-System\GUI\monitoring\backend\web\index.php(18): yii\base\Application->run()
#2 {main}
2017-03-03 05:21:03 [::1][-][-][info][application] $_GET = [
    'r' => 'site/error-page'
]

$_COOKIE = [
    'advanced-backend' => 'vq45c7nhgg5s0s57l8fm03on91'
    '_backendCSRF' => '022ea6d4807f2c3bce4103495921ec0499f19e5c41a168e03a1cfe657dda9e9fa:2:{i:0;s:12:\"_backendCSRF\";i:1;s:32:\"tkYGL2Kku4tVhynLlpcT-7hvudgoYngP\";}'
    'PHPBACKSESSID' => 'rn586r39q3vi5ssfl9sgvr9ic0'
    'JSESSIONID' => '17B8D02A43DBB556F26333534058AEA0'
    'PHPSESSID' => 'micvm9adjoje3nh2spflp6bve4'
    '_identity' => 'ef05d13f9ea571e1e1cb01f18c5b0f0f6487fd19942ac9e6bb8b7978acb5be87a:2:{i:0;s:9:\"_identity\";i:1;s:46:\"[4,\"fzcvpLnh9LunUdTR8xLhxkJT8RjtAqEC\",2592000]\";}'
    '_csrf' => '1b1f6e6e4b45feb9d8e6ee3a19215a120dfafbb0c64758213fbc5b8abed11bd4a:2:{i:0;s:5:\"_csrf\";i:1;s:32:\"ab72rQZy0vslTlqI02Pt49UWy4p83Scu\";}'
    'PHPFRONTSESSID' => 'f1qj1tme6aggp57hi968r9qg14'
    '_csrf-frontend' => '18ab6fd2d40f7a4e4c690c512e6abf2c0e6ccc3b06c1787d8ba79e4f085d7351a:2:{i:0;s:14:\"_csrf-frontend\";i:1;s:32:\"h-ChSaout5gXHOizcSRFHzSmiSF02jOd\";}'
    'advanced-frontend' => '2roig894eg0rar0sftvjdlj982'
    '_frontendCSRF' => '1795f270b662b7010938bd9be4a7e0aa5f2cb79fc7230f9aac84bf9712a529c0a:2:{i:0;s:13:\"_frontendCSRF\";i:1;s:32:\"vGok9SVBtTyWuiX2YaoCT3pU5Rj2uaBv\";}'
    '_csrf-backend' => '20d9dba6df57a1f01f0c2ca28d58aa8c82fab9a65e74548a5c67de2351032bb5a:2:{i:0;s:13:\"_csrf-backend\";i:1;s:32:\"bKfV9sEY--wcU-cXOWID4qD1pvvMMgvp\";}'
    'menuIsCollapsed' => 'true'
]

$_SERVER = [
    'MIBDIRS' => 'C:/XAMPP/php/extras/mibs'
    'MYSQL_HOME' => '\\xampp\\mysql\\bin'
    'OPENSSL_CONF' => 'C:/XAMPP/apache/bin/openssl.cnf'
    'PHP_PEAR_SYSCONF_DIR' => '\\xampp\\php'
    'PHPRC' => '\\xampp\\php'
    'TMP' => '\\xampp\\tmp'
    'HTTP_HOST' => 'localhost'
    'HTTP_CONNECTION' => 'keep-alive'
    'HTTP_UPGRADE_INSECURE_REQUESTS' => '1'
    'HTTP_USER_AGENT' => 'Mozilla/5.0 (Windows NT 10.0; WOW64) AppleWebKit/537.36 (KHTML, like Gecko) Chrome/53.0.0.11780 Safari/537.36'
    'HTTP_ACCEPT' => 'text/html,application/xhtml+xml,application/xml;q=0.9,image/webp,*/*;q=0.8'
    'HTTP_REFERER' => 'http://localhost/NDRRMCMS/ndrrmcMonitoring/backend/web/index.php?r=site%2Flogin'
    'HTTP_ACCEPT_ENCODING' => 'gzip, deflate, sdch'
    'HTTP_ACCEPT_LANGUAGE' => 'en-US,en;q=0.8'
    'HTTP_COOKIE' => 'advanced-backend=vq45c7nhgg5s0s57l8fm03on91; _backendCSRF=022ea6d4807f2c3bce4103495921ec0499f19e5c41a168e03a1cfe657dda9e9fa%3A2%3A%7Bi%3A0%3Bs%3A12%3A%22_backendCSRF%22%3Bi%3A1%3Bs%3A32%3A%22tkYGL2Kku4tVhynLlpcT-7hvudgoYngP%22%3B%7D; PHPBACKSESSID=rn586r39q3vi5ssfl9sgvr9ic0; JSESSIONID=17B8D02A43DBB556F26333534058AEA0; PHPSESSID=micvm9adjoje3nh2spflp6bve4; _identity=ef05d13f9ea571e1e1cb01f18c5b0f0f6487fd19942ac9e6bb8b7978acb5be87a%3A2%3A%7Bi%3A0%3Bs%3A9%3A%22_identity%22%3Bi%3A1%3Bs%3A46%3A%22%5B4%2C%22fzcvpLnh9LunUdTR8xLhxkJT8RjtAqEC%22%2C2592000%5D%22%3B%7D; _csrf=1b1f6e6e4b45feb9d8e6ee3a19215a120dfafbb0c64758213fbc5b8abed11bd4a%3A2%3A%7Bi%3A0%3Bs%3A5%3A%22_csrf%22%3Bi%3A1%3Bs%3A32%3A%22ab72rQZy0vslTlqI02Pt49UWy4p83Scu%22%3B%7D; PHPFRONTSESSID=f1qj1tme6aggp57hi968r9qg14; _csrf-frontend=18ab6fd2d40f7a4e4c690c512e6abf2c0e6ccc3b06c1787d8ba79e4f085d7351a%3A2%3A%7Bi%3A0%3Bs%3A14%3A%22_csrf-frontend%22%3Bi%3A1%3Bs%3A32%3A%22h-ChSaout5gXHOizcSRFHzSmiSF02jOd%22%3B%7D; advanced-frontend=2roig894eg0rar0sftvjdlj982; _frontendCSRF=1795f270b662b7010938bd9be4a7e0aa5f2cb79fc7230f9aac84bf9712a529c0a%3A2%3A%7Bi%3A0%3Bs%3A13%3A%22_frontendCSRF%22%3Bi%3A1%3Bs%3A32%3A%22vGok9SVBtTyWuiX2YaoCT3pU5Rj2uaBv%22%3B%7D; _csrf-backend=20d9dba6df57a1f01f0c2ca28d58aa8c82fab9a65e74548a5c67de2351032bb5a%3A2%3A%7Bi%3A0%3Bs%3A13%3A%22_csrf-backend%22%3Bi%3A1%3Bs%3A32%3A%22bKfV9sEY--wcU-cXOWID4qD1pvvMMgvp%22%3B%7D; menuIsCollapsed=true'
    'PATH' => 'C:\\ProgramData\\Oracle\\Java\\javapath;C:\\Program Files (x86)\\Intel\\TXE Components\\TCS\\;C:\\Program Files\\Intel\\TXE Components\\TCS\\;C:\\WINDOWS\\system32;C:\\WINDOWS;C:\\WINDOWS\\System32\\Wbem;C:\\WINDOWS\\System32\\WindowsPowerShell\\v1.0\\;C:\\Program Files\\Hewlett-Packard\\SimplePass\\;C:\\Program Files\\Java\\jdk1.8.0_20\\bin;C:\\Program Files (x86)\\Windows Kits\\8.1\\Windows Performance Toolkit\\;C:\\Program Files\\Microsoft SQL Server\\110\\Tools\\Binn\\;C:\\Program Files\\Microsoft SQL Server\\120\\Tools\\Binn\\;C:\\Program Files (x86)\\Windows Live\\Shared;C:\\WINDOWS\\system32\\config\\systemprofile\\.dnx\\bin;C:\\Program Files\\Microsoft DNX\\Dnvm\\;C:\\Program Files (x86)\\Skype\\Phone\\;c:\\Program Files (x86)\\Microsoft SQL Server\\100\\Tools\\Binn\\;c:\\Program Files\\Microsoft SQL Server\\100\\Tools\\Binn\\;c:\\Program Files\\Microsoft SQL Server\\100\\DTS\\Binn\\;C:\\Program Files\\Git\\cmd;C:\\xampp\\php;C:\\XAMPP\\htdocs\\advanced;C:\\ProgramData\\ComposerSetup\\bin;C:\\Program Files\\TortoiseGit\\bin;C:\\Users\\HP Pavilion 11\\AppData\\Roaming\\Cloud Foundry;C:\\Program Files\\DataStax-DDC\\python;C:\\Users\\HP Pavilion 11\\AppData\\Local\\Microsoft\\WindowsApps;C:\\Users\\HP Pavilion 11\\AppData\\Roaming\\Composer\\vendor\\bin'
    'SystemRoot' => 'C:\\WINDOWS'
    'COMSPEC' => 'C:\\WINDOWS\\system32\\cmd.exe'
    'PATHEXT' => '.COM;.EXE;.BAT;.CMD;.VBS;.VBE;.JS;.JSE;.WSF;.WSH;.MSC'
    'WINDIR' => 'C:\\WINDOWS'
    'SERVER_SIGNATURE' => '<address>Apache/2.4.17 (Win32) OpenSSL/1.0.2d PHP/5.6.14 Server at localhost Port 80</address>
'
    'SERVER_SOFTWARE' => 'Apache/2.4.17 (Win32) OpenSSL/1.0.2d PHP/5.6.14'
    'SERVER_NAME' => 'localhost'
    'SERVER_ADDR' => '::1'
    'SERVER_PORT' => '80'
    'REMOTE_ADDR' => '::1'
    'DOCUMENT_ROOT' => 'C:/XAMPP/htdocs'
    'REQUEST_SCHEME' => 'http'
    'CONTEXT_PREFIX' => ''
    'CONTEXT_DOCUMENT_ROOT' => 'C:/XAMPP/htdocs'
    'SERVER_ADMIN' => 'postmaster@localhost'
    'SCRIPT_FILENAME' => 'C:/XAMPP/htdocs/NDRRMCMS/ndrrmcMonitoring/backend/web/index.php'
    'REMOTE_PORT' => '52679'
    'GATEWAY_INTERFACE' => 'CGI/1.1'
    'SERVER_PROTOCOL' => 'HTTP/1.1'
    'REQUEST_METHOD' => 'GET'
    'QUERY_STRING' => 'r=site%2Ferror-page'
    'REQUEST_URI' => '/NDRRMCMS/ndrrmcMonitoring/backend/web/index.php?r=site%2Ferror-page'
    'SCRIPT_NAME' => '/NDRRMCMS/ndrrmcMonitoring/backend/web/index.php'
    'PHP_SELF' => '/NDRRMCMS/ndrrmcMonitoring/backend/web/index.php'
    'REQUEST_TIME_FLOAT' => 1488514863.277
    'REQUEST_TIME' => 1488514863
]
